[3.142s] Invoking command in '/home/feige/ROS2_src/motor_motion': AMENT_PREFIX_PATH=/home/feige/ROS2_src/install/messages:${AMENT_PREFIX_PATH} CMAKE_PREFIX_PATH=/home/feige/ROS2_src/install/messages LD_LIBRARY_PATH=/home/feige/ROS2_src/install/messages/lib:${LD_LIBRARY_PATH} PYTHONPATH=/home/feige/ROS2_src/build/motor_motion/prefix_override:/usr/lib/python3/dist-packages/colcon_core/task/python/colcon_distutils_commands:/home/feige/ROS2_src/install/motor_motion/lib/python3.12/site-packages:/home/feige/ROS2_src/install/messages/lib/python3.12/site-packages:${PYTHONPATH} /usr/bin/python3 -W ignore:setup.py install is deprecated -W ignore:easy_install command is deprecated setup.py egg_info --egg-base ../build/motor_motion build --build-base /home/feige/ROS2_src/build/motor_motion/build install --record /home/feige/ROS2_src/build/motor_motion/install.log --single-version-externally-managed install_data
[4.140s] running egg_info
[4.205s] writing ../build/motor_motion/motor_motion.egg-info/PKG-INFO
[4.207s] writing dependency_links to ../build/motor_motion/motor_motion.egg-info/dependency_links.txt
[4.216s] writing entry points to ../build/motor_motion/motor_motion.egg-info/entry_points.txt
[4.219s] writing requirements to ../build/motor_motion/motor_motion.egg-info/requires.txt
[4.221s] writing top-level names to ../build/motor_motion/motor_motion.egg-info/top_level.txt
[4.362s] reading manifest file '../build/motor_motion/motor_motion.egg-info/SOURCES.txt'
[4.364s] adding license file 'LICENSE'
[4.366s] writing manifest file '../build/motor_motion/motor_motion.egg-info/SOURCES.txt'
[4.367s] running build
[4.367s] running build_py
[4.369s] running install
[4.394s] running install_lib
[4.460s] running install_data
[4.461s] copying package.xml -> /home/feige/ROS2_src/install/motor_motion/share/motor_motion
[4.462s] running install_egg_info
[4.529s] removing '/home/feige/ROS2_src/install/motor_motion/lib/python3.12/site-packages/motor_motion-0.0.0-py3.12.egg-info' (and everything under it)
[4.531s] Copying ../build/motor_motion/motor_motion.egg-info to /home/feige/ROS2_src/install/motor_motion/lib/python3.12/site-packages/motor_motion-0.0.0-py3.12.egg-info
[4.536s] running install_scripts
[5.054s] Installing motor_pan script to /home/feige/ROS2_src/install/motor_motion/lib/motor_motion
[5.080s] Installing usb_camera script to /home/feige/ROS2_src/install/motor_motion/lib/motor_motion
[5.084s] writing list of installed files to '/home/feige/ROS2_src/build/motor_motion/install.log'
[5.227s] Invoked command in '/home/feige/ROS2_src/motor_motion' returned '0': AMENT_PREFIX_PATH=/home/feige/ROS2_src/install/messages:${AMENT_PREFIX_PATH} CMAKE_PREFIX_PATH=/home/feige/ROS2_src/install/messages LD_LIBRARY_PATH=/home/feige/ROS2_src/install/messages/lib:${LD_LIBRARY_PATH} PYTHONPATH=/home/feige/ROS2_src/build/motor_motion/prefix_override:/usr/lib/python3/dist-packages/colcon_core/task/python/colcon_distutils_commands:/home/feige/ROS2_src/install/motor_motion/lib/python3.12/site-packages:/home/feige/ROS2_src/install/messages/lib/python3.12/site-packages:${PYTHONPATH} /usr/bin/python3 -W ignore:setup.py install is deprecated -W ignore:easy_install command is deprecated setup.py egg_info --egg-base ../build/motor_motion build --build-base /home/feige/ROS2_src/build/motor_motion/build install --record /home/feige/ROS2_src/build/motor_motion/install.log --single-version-externally-managed install_data
