[0.052s] Invoking command in '/home/feige/ROS2_src/build/messages': CMAKE_PREFIX_PATH=/home/feige/ROS2_src/install/motor_motion:/opt/ros/jazzy /usr/bin/cmake /home/feige/ROS2_src/messages -DCMAKE_INSTALL_PREFIX=/home/feige/ROS2_src/install/messages
[0.108s] -- Found ament_cmake: 2.5.6 (/opt/ros/jazzy/share/ament_cmake/cmake)
[1.095s] -- Found rosidl_default_generators: 1.6.0 (/opt/ros/jazzy/share/rosidl_default_generators/cmake)
[1.106s] -- Using all available rosidl_typesupport_c: rosidl_typesupport_fastrtps_c;rosidl_typesupport_introspection_c
[1.275s] -- Using all available rosidl_typesupport_cpp: rosidl_typesupport_fastrtps_cpp;rosidl_typesupport_introspection_cpp
[1.410s] -- Found rosidl_adapter: 4.6.7 (/opt/ros/jazzy/share/rosidl_adapter/cmake)
[2.585s] [31mCMake Error at /opt/ros/jazzy/share/rosidl_adapter/cmake/rosidl_adapt_interfaces.cmake:57 (message):
[2.586s]   execute_process(/usr/bin/python3 -m rosidl_adapter --package-name messages
[2.586s]   --arguments-file
[2.586s]   /home/feige/ROS2_src/build/messages/rosidl_adapter__arguments__messages.json
[2.587s]   --output-dir /home/feige/ROS2_src/build/messages/rosidl_adapter/messages
[2.587s]   --output-file
[2.588s]   /home/feige/ROS2_src/build/messages/rosidl_adapter/messages.idls) returned
[2.588s]   error code 1:
[2.588s] 
[2.589s]   Traceback (most recent call last):
[2.589s] 
[2.590s]     File "<frozen runpy>", line 198, in _run_module_as_main
[2.591s]     File "<frozen runpy>", line 88, in _run_code
[2.591s]     File "/opt/ros/jazzy/lib/python3.12/site-packages/rosidl_adapter/__main__.py", line 19, in <module>
[2.592s]       sys.exit(main())
[2.592s]                ^^^^^^
[2.594s]     File "/opt/ros/jazzy/lib/python3.12/site-packages/rosidl_adapter/main.py", line 53, in main
[2.595s]       abs_idl_file = convert_to_idl(
[2.597s]                      ^^^^^^^^^^^^^^^
[2.598s]     File "/opt/ros/jazzy/lib/python3.12/site-packages/rosidl_adapter/__init__.py", line 19, in convert_to_idl
[2.599s]       return convert_msg_to_idl(
[2.600s]              ^^^^^^^^^^^^^^^^^^^
[2.600s]     File "/opt/ros/jazzy/lib/python3.12/site-packages/rosidl_adapter/msg/__init__.py", line 28, in convert_msg_to_idl
[2.601s]       msg = parse_message_string(package_name, input_file.stem, content)
[2.601s]             ^^^^^^^^^^^^^^^^^^^^^^^^^^^^^^^^^^^^^^^^^^^^^^^^^^^^^^^^^^^^
[2.602s]     File "/opt/ros/jazzy/lib/python3.12/site-packages/rosidl_adapter/parser.py", line 545, in parse_message_string
[2.602s]       msg = MessageSpecification(pkg_name, msg_name, fields, constants)
[2.603s]             ^^^^^^^^^^^^^^^^^^^^^^^^^^^^^^^^^^^^^^^^^^^^^^^^^^^^^^^^^^^
[2.603s]     File "/opt/ros/jazzy/lib/python3.12/site-packages/rosidl_adapter/parser.py", line 389, in __init__
[2.604s]       self.base_type = BaseType(
[2.604s]                        ^^^^^^^^^
[2.604s]     File "/opt/ros/jazzy/lib/python3.12/site-packages/rosidl_adapter/parser.py", line 206, in __init__
[2.605s]       raise InvalidResourceName(
[2.605s] 
[2.606s]   rosidl_adapter.parser.InvalidResourceName: 'Offset_px' is an invalid
[2.606s]   message name.  It should have the pattern '^[A-Z][A-Za-z0-9]*$'
[2.607s] 
[2.608s] Call Stack (most recent call first):
[2.609s]   /opt/ros/jazzy/share/rosidl_cmake/cmake/rosidl_generate_interfaces.cmake:132 (rosidl_adapt_interfaces)
[2.610s]   CMakeLists.txt:16 (rosidl_generate_interfaces)
[2.612s] 
[2.614s] [0m
[2.614s] -- Configuring incomplete, errors occurred!
[2.615s] Invoked command in '/home/feige/ROS2_src/build/messages' returned '1': CMAKE_PREFIX_PATH=/home/feige/ROS2_src/install/motor_motion:/opt/ros/jazzy /usr/bin/cmake /home/feige/ROS2_src/messages -DCMAKE_INSTALL_PREFIX=/home/feige/ROS2_src/install/messages
