[0.597s] DEBUG:colcon:Command line arguments: ['/usr/bin/colcon', 'build', '--packages-select', 'messages']
[0.597s] DEBUG:colcon:Parsed command line arguments: Namespace(log_base=None, log_level=None, verb_name='build', build_base='build', install_base='install', merge_install=False, symlink_install=False, test_result_base=None, continue_on_error=False, executor='parallel', parallel_workers=4, event_handlers=None, ignore_user_meta=False, metas=['./colcon.meta'], base_paths=['.'], packages_ignore=None, packages_ignore_regex=None, paths=None, packages_up_to=None, packages_up_to_regex=None, packages_above=None, packages_above_and_dependencies=None, packages_above_depth=None, packages_select_by_dep=None, packages_skip_by_dep=None, packages_skip_up_to=None, packages_select_build_failed=False, packages_skip_build_finished=False, packages_select_test_failures=False, packages_skip_test_passed=False, packages_select=['messages'], packages_skip=None, packages_select_regex=None, packages_skip_regex=None, packages_start=None, packages_end=None, cmake_args=None, cmake_target=None, cmake_target_skip_unavailable=False, cmake_clean_cache=False, cmake_clean_first=False, cmake_force_configure=False, ament_cmake_args=None, catkin_cmake_args=None, catkin_skip_building_tests=False, verb_parser=<colcon_defaults.argument_parser.defaults.DefaultArgumentsDecorator object at 0xffff7e43ab40>, verb_extension=<colcon_core.verb.build.BuildVerb object at 0xffff7e5bad20>, main=<bound method BuildVerb.main of <colcon_core.verb.build.BuildVerb object at 0xffff7e5bad20>>)
[0.790s] Level 1:colcon.colcon_core.package_discovery:discover_packages(colcon_meta) check parameters
[0.791s] Level 1:colcon.colcon_core.package_discovery:discover_packages(recursive) check parameters
[0.791s] Level 1:colcon.colcon_core.package_discovery:discover_packages(ignore) check parameters
[0.791s] Level 1:colcon.colcon_core.package_discovery:discover_packages(path) check parameters
[0.791s] Level 1:colcon.colcon_core.package_discovery:discover_packages(colcon_meta) discover
[0.792s] Level 1:colcon.colcon_core.package_discovery:discover_packages(recursive) discover
[0.792s] INFO:colcon.colcon_core.package_discovery:Crawling recursively for packages in '/home/feige/ROS2_src'
[0.792s] Level 1:colcon.colcon_core.package_identification:_identify(.) by extensions ['ignore', 'ignore_ament_install']
[0.793s] Level 1:colcon.colcon_core.package_identification:_identify(.) by extension 'ignore'
[0.793s] Level 1:colcon.colcon_core.package_identification:_identify(.) by extension 'ignore_ament_install'
[0.794s] Level 1:colcon.colcon_core.package_identification:_identify(.) by extensions ['colcon_pkg']
[0.794s] Level 1:colcon.colcon_core.package_identification:_identify(.) by extension 'colcon_pkg'
[0.794s] Level 1:colcon.colcon_core.package_identification:_identify(.) by extensions ['colcon_meta']
[0.794s] Level 1:colcon.colcon_core.package_identification:_identify(.) by extension 'colcon_meta'
[0.794s] Level 1:colcon.colcon_core.package_identification:_identify(.) by extensions ['ros']
[0.795s] Level 1:colcon.colcon_core.package_identification:_identify(.) by extension 'ros'
[0.897s] Level 1:colcon.colcon_core.package_identification:_identify(.) by extensions ['cmake', 'python']
[0.897s] Level 1:colcon.colcon_core.package_identification:_identify(.) by extension 'cmake'
[0.898s] Level 1:colcon.colcon_core.package_identification:_identify(.) by extension 'python'
[0.898s] Level 1:colcon.colcon_core.package_identification:_identify(.) by extensions ['python_setup_py']
[0.898s] Level 1:colcon.colcon_core.package_identification:_identify(.) by extension 'python_setup_py'
[0.898s] Level 1:colcon.colcon_core.package_identification:_identify(build) by extensions ['ignore', 'ignore_ament_install']
[0.899s] Level 1:colcon.colcon_core.package_identification:_identify(build) by extension 'ignore'
[0.899s] Level 1:colcon.colcon_core.package_identification:_identify(build) ignored
[0.900s] Level 1:colcon.colcon_core.package_identification:_identify(install) by extensions ['ignore', 'ignore_ament_install']
[0.900s] Level 1:colcon.colcon_core.package_identification:_identify(install) by extension 'ignore'
[0.900s] Level 1:colcon.colcon_core.package_identification:_identify(install) ignored
[0.901s] Level 1:colcon.colcon_core.package_identification:_identify(log) by extensions ['ignore', 'ignore_ament_install']
[0.901s] Level 1:colcon.colcon_core.package_identification:_identify(log) by extension 'ignore'
[0.901s] Level 1:colcon.colcon_core.package_identification:_identify(log) ignored
[0.902s] Level 1:colcon.colcon_core.package_identification:_identify(messages) by extensions ['ignore', 'ignore_ament_install']
[0.902s] Level 1:colcon.colcon_core.package_identification:_identify(messages) by extension 'ignore'
[0.902s] Level 1:colcon.colcon_core.package_identification:_identify(messages) by extension 'ignore_ament_install'
[0.903s] Level 1:colcon.colcon_core.package_identification:_identify(messages) by extensions ['colcon_pkg']
[0.903s] Level 1:colcon.colcon_core.package_identification:_identify(messages) by extension 'colcon_pkg'
[0.903s] Level 1:colcon.colcon_core.package_identification:_identify(messages) by extensions ['colcon_meta']
[0.903s] Level 1:colcon.colcon_core.package_identification:_identify(messages) by extension 'colcon_meta'
[0.903s] Level 1:colcon.colcon_core.package_identification:_identify(messages) by extensions ['ros']
[0.903s] Level 1:colcon.colcon_core.package_identification:_identify(messages) by extension 'ros'
[0.912s] DEBUG:colcon.colcon_core.package_identification:Package 'messages' with type 'ros.ament_cmake' and name 'messages'
[0.912s] Level 1:colcon.colcon_core.package_identification:_identify(motor_motion) by extensions ['ignore', 'ignore_ament_install']
[0.913s] Level 1:colcon.colcon_core.package_identification:_identify(motor_motion) by extension 'ignore'
[0.913s] Level 1:colcon.colcon_core.package_identification:_identify(motor_motion) by extension 'ignore_ament_install'
[0.913s] Level 1:colcon.colcon_core.package_identification:_identify(motor_motion) by extensions ['colcon_pkg']
[0.914s] Level 1:colcon.colcon_core.package_identification:_identify(motor_motion) by extension 'colcon_pkg'
[0.914s] Level 1:colcon.colcon_core.package_identification:_identify(motor_motion) by extensions ['colcon_meta']
[0.914s] Level 1:colcon.colcon_core.package_identification:_identify(motor_motion) by extension 'colcon_meta'
[0.914s] Level 1:colcon.colcon_core.package_identification:_identify(motor_motion) by extensions ['ros']
[0.914s] Level 1:colcon.colcon_core.package_identification:_identify(motor_motion) by extension 'ros'
[0.919s] DEBUG:colcon.colcon_core.package_identification:Package 'motor_motion' with type 'ros.ament_python' and name 'motor_motion'
[0.919s] Level 1:colcon.colcon_core.package_discovery:discover_packages(recursive) using defaults
[0.919s] Level 1:colcon.colcon_core.package_discovery:discover_packages(ignore) discover
[0.919s] Level 1:colcon.colcon_core.package_discovery:discover_packages(ignore) using defaults
[0.920s] Level 1:colcon.colcon_core.package_discovery:discover_packages(path) discover
[0.920s] Level 1:colcon.colcon_core.package_discovery:discover_packages(path) using defaults
[1.042s] INFO:colcon.colcon_core.package_selection:Skipping not selected package 'motor_motion' in 'motor_motion'
[1.043s] Level 5:colcon.colcon_core.verb:set package 'messages' build argument 'cmake_args' from command line to 'None'
[1.044s] Level 5:colcon.colcon_core.verb:set package 'messages' build argument 'cmake_target' from command line to 'None'
[1.044s] Level 5:colcon.colcon_core.verb:set package 'messages' build argument 'cmake_target_skip_unavailable' from command line to 'False'
[1.044s] Level 5:colcon.colcon_core.verb:set package 'messages' build argument 'cmake_clean_cache' from command line to 'False'
[1.044s] Level 5:colcon.colcon_core.verb:set package 'messages' build argument 'cmake_clean_first' from command line to 'False'
[1.044s] Level 5:colcon.colcon_core.verb:set package 'messages' build argument 'cmake_force_configure' from command line to 'False'
[1.044s] Level 5:colcon.colcon_core.verb:set package 'messages' build argument 'ament_cmake_args' from command line to 'None'
[1.045s] Level 5:colcon.colcon_core.verb:set package 'messages' build argument 'catkin_cmake_args' from command line to 'None'
[1.045s] Level 5:colcon.colcon_core.verb:set package 'messages' build argument 'catkin_skip_building_tests' from command line to 'False'
[1.045s] DEBUG:colcon.colcon_core.verb:Building package 'messages' with the following arguments: {'ament_cmake_args': None, 'build_base': '/home/feige/ROS2_src/build/messages', 'catkin_cmake_args': None, 'catkin_skip_building_tests': False, 'cmake_args': None, 'cmake_clean_cache': False, 'cmake_clean_first': False, 'cmake_force_configure': False, 'cmake_target': None, 'cmake_target_skip_unavailable': False, 'install_base': '/home/feige/ROS2_src/install/messages', 'merge_install': False, 'path': '/home/feige/ROS2_src/messages', 'symlink_install': False, 'test_result_base': None}
[1.046s] INFO:colcon.colcon_core.executor:Executing jobs using 'parallel' executor
[1.050s] DEBUG:colcon.colcon_parallel_executor.executor.parallel:run_until_complete
[1.051s] INFO:colcon.colcon_ros.task.ament_cmake.build:Building ROS package in '/home/feige/ROS2_src/messages' with build type 'ament_cmake'
[1.051s] INFO:colcon.colcon_cmake.task.cmake.build:Building CMake package in '/home/feige/ROS2_src/messages'
[1.070s] INFO:colcon.colcon_core.plugin_system:Skipping extension 'colcon_core.shell.bat': Not used on non-Windows systems
[1.070s] DEBUG:colcon.colcon_core.shell:Skip shell extension 'dsv' for command environment
[1.122s] DEBUG:colcon.colcon_core.event_handler.log_command:Invoking command in '/home/feige/ROS2_src/build/messages': CMAKE_PREFIX_PATH=/home/feige/ROS2_src/install/motor_motion:/opt/ros/jazzy /usr/bin/cmake --build /home/feige/ROS2_src/build/messages -- -j4 -l4
[3.091s] DEBUG:colcon.colcon_core.event_handler.log_command:Invoked command in '/home/feige/ROS2_src/build/messages' returned '0': CMAKE_PREFIX_PATH=/home/feige/ROS2_src/install/motor_motion:/opt/ros/jazzy /usr/bin/cmake --build /home/feige/ROS2_src/build/messages -- -j4 -l4
[3.139s] DEBUG:colcon.colcon_core.event_handler.log_command:Invoking command in '/home/feige/ROS2_src/build/messages': CMAKE_PREFIX_PATH=/home/feige/ROS2_src/install/motor_motion:/opt/ros/jazzy /usr/bin/cmake --install /home/feige/ROS2_src/build/messages
[3.483s] Level 1:colcon.colcon_core.environment:create_environment_scripts_only(messages)
[3.485s] DEBUG:colcon.colcon_core.event_handler.log_command:Invoked command in '/home/feige/ROS2_src/build/messages' returned '0': CMAKE_PREFIX_PATH=/home/feige/ROS2_src/install/motor_motion:/opt/ros/jazzy /usr/bin/cmake --install /home/feige/ROS2_src/build/messages
[3.500s] Level 1:colcon.colcon_core.environment:checking '/home/feige/ROS2_src/install/messages' for CMake module files
[3.505s] Level 1:colcon.colcon_core.environment:checking '/home/feige/ROS2_src/install/messages' for CMake config files
[3.517s] Level 1:colcon.colcon_core.shell:create_environment_hook('messages', 'cmake_prefix_path')
[3.518s] INFO:colcon.colcon_core.shell:Creating environment descriptor '/home/feige/ROS2_src/install/messages/share/messages/hook/cmake_prefix_path.dsv'
[3.521s] INFO:colcon.colcon_core.shell:Creating environment hook '/home/feige/ROS2_src/install/messages/share/messages/hook/cmake_prefix_path.sh'
[3.525s] Level 1:colcon.colcon_core.environment:checking '/home/feige/ROS2_src/install/messages/lib'
[3.526s] Level 1:colcon.colcon_core.shell:create_environment_hook('messages', 'ld_library_path_lib')
[3.527s] INFO:colcon.colcon_core.shell:Creating environment descriptor '/home/feige/ROS2_src/install/messages/share/messages/hook/ld_library_path_lib.dsv'
[3.529s] INFO:colcon.colcon_core.shell:Creating environment hook '/home/feige/ROS2_src/install/messages/share/messages/hook/ld_library_path_lib.sh'
[3.531s] Level 1:colcon.colcon_core.environment:checking '/home/feige/ROS2_src/install/messages/bin'
[3.531s] Level 1:colcon.colcon_core.environment:checking '/home/feige/ROS2_src/install/messages/lib/pkgconfig/messages.pc'
[3.540s] Level 1:colcon.colcon_core.environment:checking '/home/feige/ROS2_src/install/messages/lib/python3.12/site-packages'
[3.540s] Level 1:colcon.colcon_core.shell:create_environment_hook('messages', 'pythonpath')
[3.541s] INFO:colcon.colcon_core.shell:Creating environment descriptor '/home/feige/ROS2_src/install/messages/share/messages/hook/pythonpath.dsv'
[3.543s] INFO:colcon.colcon_core.shell:Creating environment hook '/home/feige/ROS2_src/install/messages/share/messages/hook/pythonpath.sh'
[3.546s] Level 1:colcon.colcon_core.environment:checking '/home/feige/ROS2_src/install/messages/bin'
[3.547s] INFO:colcon.colcon_core.shell:Creating package descriptor '/home/feige/ROS2_src/install/messages/share/messages/package.dsv'
[3.550s] INFO:colcon.colcon_core.shell:Creating package script '/home/feige/ROS2_src/install/messages/share/messages/package.sh'
[3.554s] INFO:colcon.colcon_core.shell:Creating package script '/home/feige/ROS2_src/install/messages/share/messages/package.bash'
[3.557s] INFO:colcon.colcon_core.shell:Creating package script '/home/feige/ROS2_src/install/messages/share/messages/package.zsh'
[3.560s] Level 1:colcon.colcon_core.environment:create_file_with_runtime_dependencies(/home/feige/ROS2_src/install/messages/share/colcon-core/packages/messages)
[3.563s] Level 1:colcon.colcon_core.environment:create_environment_scripts_only(messages)
[3.564s] Level 1:colcon.colcon_core.environment:checking '/home/feige/ROS2_src/install/messages' for CMake module files
[3.568s] Level 1:colcon.colcon_core.environment:checking '/home/feige/ROS2_src/install/messages' for CMake config files
[3.574s] Level 1:colcon.colcon_core.shell:create_environment_hook('messages', 'cmake_prefix_path')
[3.575s] INFO:colcon.colcon_core.shell:Creating environment descriptor '/home/feige/ROS2_src/install/messages/share/messages/hook/cmake_prefix_path.dsv'
[3.577s] INFO:colcon.colcon_core.shell:Creating environment hook '/home/feige/ROS2_src/install/messages/share/messages/hook/cmake_prefix_path.sh'
[3.580s] Level 1:colcon.colcon_core.environment:checking '/home/feige/ROS2_src/install/messages/lib'
[3.581s] Level 1:colcon.colcon_core.shell:create_environment_hook('messages', 'ld_library_path_lib')
[3.581s] INFO:colcon.colcon_core.shell:Creating environment descriptor '/home/feige/ROS2_src/install/messages/share/messages/hook/ld_library_path_lib.dsv'
[3.583s] INFO:colcon.colcon_core.shell:Creating environment hook '/home/feige/ROS2_src/install/messages/share/messages/hook/ld_library_path_lib.sh'
[3.585s] Level 1:colcon.colcon_core.environment:checking '/home/feige/ROS2_src/install/messages/bin'
[3.585s] Level 1:colcon.colcon_core.environment:checking '/home/feige/ROS2_src/install/messages/lib/pkgconfig/messages.pc'
[3.586s] Level 1:colcon.colcon_core.environment:checking '/home/feige/ROS2_src/install/messages/lib/python3.12/site-packages'
[3.587s] Level 1:colcon.colcon_core.shell:create_environment_hook('messages', 'pythonpath')
[3.587s] INFO:colcon.colcon_core.shell:Creating environment descriptor '/home/feige/ROS2_src/install/messages/share/messages/hook/pythonpath.dsv'
[3.589s] INFO:colcon.colcon_core.shell:Creating environment hook '/home/feige/ROS2_src/install/messages/share/messages/hook/pythonpath.sh'
[3.592s] Level 1:colcon.colcon_core.environment:checking '/home/feige/ROS2_src/install/messages/bin'
[3.593s] INFO:colcon.colcon_core.shell:Creating package descriptor '/home/feige/ROS2_src/install/messages/share/messages/package.dsv'
[3.596s] INFO:colcon.colcon_core.shell:Creating package script '/home/feige/ROS2_src/install/messages/share/messages/package.sh'
[3.598s] INFO:colcon.colcon_core.shell:Creating package script '/home/feige/ROS2_src/install/messages/share/messages/package.bash'
[3.600s] INFO:colcon.colcon_core.shell:Creating package script '/home/feige/ROS2_src/install/messages/share/messages/package.zsh'
[3.602s] Level 1:colcon.colcon_core.environment:create_file_with_runtime_dependencies(/home/feige/ROS2_src/install/messages/share/colcon-core/packages/messages)
[3.603s] DEBUG:colcon.colcon_parallel_executor.executor.parallel:closing loop
[3.604s] DEBUG:colcon.colcon_parallel_executor.executor.parallel:loop closed
[3.605s] DEBUG:colcon.colcon_parallel_executor.executor.parallel:run_until_complete finished with '0'
[3.605s] DEBUG:colcon.colcon_core.event_reactor:joining thread
[3.608s] DEBUG:colcon.colcon_core.event_reactor:joined thread
[3.609s] INFO:colcon.colcon_core.shell:Creating prefix script '/home/feige/ROS2_src/install/local_setup.sh'
[3.612s] INFO:colcon.colcon_core.shell:Creating prefix util module '/home/feige/ROS2_src/install/_local_setup_util_sh.py'
[3.618s] INFO:colcon.colcon_core.shell:Creating prefix chain script '/home/feige/ROS2_src/install/setup.sh'
[3.623s] INFO:colcon.colcon_core.shell:Creating prefix script '/home/feige/ROS2_src/install/local_setup.bash'
[3.626s] INFO:colcon.colcon_core.shell:Creating prefix chain script '/home/feige/ROS2_src/install/setup.bash'
[3.631s] INFO:colcon.colcon_core.shell:Creating prefix script '/home/feige/ROS2_src/install/local_setup.zsh'
[3.634s] INFO:colcon.colcon_core.shell:Creating prefix chain script '/home/feige/ROS2_src/install/setup.zsh'
