[  2%] Built target messages__rosidl_generator_type_description
[  5%] Built target messages__rs
[  5%] Built target ament_cmake_python_copy_messages
[  8%] Built target messages__cpp
[ 22%] Built target messages__rosidl_generator_c
[ 31%] Built target messages__rosidl_typesupport_fastrtps_c
[ 45%] Built target messages__rosidl_typesupport_introspection_c
[ 48%] Built target messages__rosidl_typesupport_introspection_cpp
[ 57%] Built target messages__rosidl_typesupport_cpp
[ 65%] Built target messages__rosidl_typesupport_fastrtps_cpp
[ 74%] Built target messages__rosidl_typesupport_c
[ 74%] Built target messages
[ 77%] Built target messages__py
[ 82%] Built target messages__rosidl_generator_py
[ 88%] Built target messages_s__rosidl_typesupport_fastrtps_c
[ 94%] Built target messages_s__rosidl_typesupport_introspection_c
[100%] Built target messages_s__rosidl_typesupport_c
running egg_info
writing messages.egg-info/PKG-INFO
writing dependency_links to messages.egg-info/dependency_links.txt
writing top-level names to messages.egg-info/top_level.txt
reading manifest file 'messages.egg-info/SOURCES.txt'
writing manifest file 'messages.egg-info/SOURCES.txt'
[100%] Built target ament_cmake_python_build_messages_egg
-- Install configuration: ""
-- Up-to-date: /home/feige/ROS2_src/install/messages/share/ament_index/resource_index/rosidl_interfaces/messages
-- Up-to-date: /home/feige/ROS2_src/install/messages/share/messages/msg/OffsetPX.json
-- Up-to-date: /home/feige/ROS2_src/install/messages/include/messages/messages
-- Up-to-date: /home/feige/ROS2_src/install/messages/include/messages/messages/msg
-- Up-to-date: /home/feige/ROS2_src/install/messages/include/messages/messages/msg/offset_px.h
-- Up-to-date: /home/feige/ROS2_src/install/messages/include/messages/messages/msg/detail
-- Up-to-date: /home/feige/ROS2_src/install/messages/include/messages/messages/msg/detail/offset_px__description.c
-- Up-to-date: /home/feige/ROS2_src/install/messages/include/messages/messages/msg/detail/offset_px__struct.h
-- Up-to-date: /home/feige/ROS2_src/install/messages/include/messages/messages/msg/detail/offset_px__functions.c
-- Up-to-date: /home/feige/ROS2_src/install/messages/include/messages/messages/msg/detail/offset_px__functions.h
-- Up-to-date: /home/feige/ROS2_src/install/messages/include/messages/messages/msg/detail/offset_px__type_support.h
-- Installing: /home/feige/ROS2_src/install/messages/include/messages/messages/msg/detail/offset_px__type_support.c
-- Up-to-date: /home/feige/ROS2_src/install/messages/include/messages/messages/msg/rosidl_generator_c__visibility_control.h
-- Up-to-date: /home/feige/ROS2_src/install/messages/share/messages/environment/library_path.sh
-- Up-to-date: /home/feige/ROS2_src/install/messages/share/messages/environment/library_path.dsv
-- Up-to-date: /home/feige/ROS2_src/install/messages/lib/libmessages__rosidl_generator_c.so
-- Up-to-date: /home/feige/ROS2_src/install/messages/include/messages/messages
-- Up-to-date: /home/feige/ROS2_src/install/messages/include/messages/messages/msg
-- Up-to-date: /home/feige/ROS2_src/install/messages/include/messages/messages/msg/detail
-- Up-to-date: /home/feige/ROS2_src/install/messages/include/messages/messages/msg/detail/offset_px__rosidl_typesupport_fastrtps_c.h
-- Up-to-date: /home/feige/ROS2_src/install/messages/include/messages/messages/msg/rosidl_typesupport_fastrtps_c__visibility_control.h
-- Up-to-date: /home/feige/ROS2_src/install/messages/lib/libmessages__rosidl_typesupport_fastrtps_c.so
-- Up-to-date: /home/feige/ROS2_src/install/messages/include/messages/messages
-- Up-to-date: /home/feige/ROS2_src/install/messages/include/messages/messages/msg
-- Up-to-date: /home/feige/ROS2_src/install/messages/include/messages/messages/msg/rosidl_typesupport_introspection_c__visibility_control.h
-- Up-to-date: /home/feige/ROS2_src/install/messages/include/messages/messages/msg/detail
-- Up-to-date: /home/feige/ROS2_src/install/messages/include/messages/messages/msg/detail/offset_px__rosidl_typesupport_introspection_c.h
-- Installing: /home/feige/ROS2_src/install/messages/include/messages/messages/msg/detail/offset_px__type_support.c
-- Up-to-date: /home/feige/ROS2_src/install/messages/lib/libmessages__rosidl_typesupport_introspection_c.so
-- Up-to-date: /home/feige/ROS2_src/install/messages/lib/libmessages__rosidl_typesupport_c.so
-- Up-to-date: /home/feige/ROS2_src/install/messages/include/messages/messages
-- Up-to-date: /home/feige/ROS2_src/install/messages/include/messages/messages/msg
-- Up-to-date: /home/feige/ROS2_src/install/messages/include/messages/messages/msg/offset_px.hpp
-- Up-to-date: /home/feige/ROS2_src/install/messages/include/messages/messages/msg/rosidl_generator_cpp__visibility_control.hpp
-- Up-to-date: /home/feige/ROS2_src/install/messages/include/messages/messages/msg/detail
-- Up-to-date: /home/feige/ROS2_src/install/messages/include/messages/messages/msg/detail/offset_px__type_support.hpp
-- Up-to-date: /home/feige/ROS2_src/install/messages/include/messages/messages/msg/detail/offset_px__traits.hpp
-- Up-to-date: /home/feige/ROS2_src/install/messages/include/messages/messages/msg/detail/offset_px__builder.hpp
-- Up-to-date: /home/feige/ROS2_src/install/messages/include/messages/messages/msg/detail/offset_px__struct.hpp
-- Up-to-date: /home/feige/ROS2_src/install/messages/include/messages/messages
-- Up-to-date: /home/feige/ROS2_src/install/messages/include/messages/messages/msg
-- Up-to-date: /home/feige/ROS2_src/install/messages/include/messages/messages/msg/rosidl_typesupport_fastrtps_cpp__visibility_control.h
-- Up-to-date: /home/feige/ROS2_src/install/messages/include/messages/messages/msg/detail
-- Up-to-date: /home/feige/ROS2_src/install/messages/include/messages/messages/msg/detail/dds_fastrtps
-- Up-to-date: /home/feige/ROS2_src/install/messages/include/messages/messages/msg/detail/offset_px__rosidl_typesupport_fastrtps_cpp.hpp
-- Up-to-date: /home/feige/ROS2_src/install/messages/lib/libmessages__rosidl_typesupport_fastrtps_cpp.so
-- Up-to-date: /home/feige/ROS2_src/install/messages/include/messages/messages
-- Up-to-date: /home/feige/ROS2_src/install/messages/include/messages/messages/msg
-- Up-to-date: /home/feige/ROS2_src/install/messages/include/messages/messages/msg/detail
-- Up-to-date: /home/feige/ROS2_src/install/messages/include/messages/messages/msg/detail/offset_px__type_support.cpp
-- Up-to-date: /home/feige/ROS2_src/install/messages/include/messages/messages/msg/detail/offset_px__rosidl_typesupport_introspection_cpp.hpp
-- Up-to-date: /home/feige/ROS2_src/install/messages/lib/libmessages__rosidl_typesupport_introspection_cpp.so
-- Up-to-date: /home/feige/ROS2_src/install/messages/lib/libmessages__rosidl_typesupport_cpp.so
-- Up-to-date: /home/feige/ROS2_src/install/messages/share/messages/environment/pythonpath.sh
-- Up-to-date: /home/feige/ROS2_src/install/messages/share/messages/environment/pythonpath.dsv
-- Up-to-date: /home/feige/ROS2_src/install/messages/lib/python3.12/site-packages/messages-0.0.0-py3.12.egg-info
-- Installing: /home/feige/ROS2_src/install/messages/lib/python3.12/site-packages/messages-0.0.0-py3.12.egg-info/dependency_links.txt
-- Installing: /home/feige/ROS2_src/install/messages/lib/python3.12/site-packages/messages-0.0.0-py3.12.egg-info/SOURCES.txt
-- Installing: /home/feige/ROS2_src/install/messages/lib/python3.12/site-packages/messages-0.0.0-py3.12.egg-info/top_level.txt
-- Installing: /home/feige/ROS2_src/install/messages/lib/python3.12/site-packages/messages-0.0.0-py3.12.egg-info/PKG-INFO
-- Up-to-date: /home/feige/ROS2_src/install/messages/lib/python3.12/site-packages/messages
-- Up-to-date: /home/feige/ROS2_src/install/messages/lib/python3.12/site-packages/messages/_messages_s.ep.rosidl_typesupport_introspection_c.c
-- Up-to-date: /home/feige/ROS2_src/install/messages/lib/python3.12/site-packages/messages/msg
-- Up-to-date: /home/feige/ROS2_src/install/messages/lib/python3.12/site-packages/messages/msg/__init__.py
-- Up-to-date: /home/feige/ROS2_src/install/messages/lib/python3.12/site-packages/messages/msg/_offset_px_s.c
-- Up-to-date: /home/feige/ROS2_src/install/messages/lib/python3.12/site-packages/messages/msg/_offset_px.py
-- Up-to-date: /home/feige/ROS2_src/install/messages/lib/python3.12/site-packages/messages/_messages_s.ep.rosidl_typesupport_c.c
-- Up-to-date: /home/feige/ROS2_src/install/messages/lib/python3.12/site-packages/messages/__init__.py
-- Up-to-date: /home/feige/ROS2_src/install/messages/lib/python3.12/site-packages/messages/messages_s__rosidl_typesupport_fastrtps_c.so
-- Up-to-date: /home/feige/ROS2_src/install/messages/lib/python3.12/site-packages/messages/messages_s__rosidl_typesupport_c.so
-- Up-to-date: /home/feige/ROS2_src/install/messages/lib/python3.12/site-packages/messages/messages_s__rosidl_typesupport_introspection_c.so
-- Up-to-date: /home/feige/ROS2_src/install/messages/lib/python3.12/site-packages/messages/_messages_s.ep.rosidl_typesupport_fastrtps_c.c
Listing '/home/feige/ROS2_src/install/messages/lib/python3.12/site-packages/messages'...
Listing '/home/feige/ROS2_src/install/messages/lib/python3.12/site-packages/messages/msg'...
-- Up-to-date: /home/feige/ROS2_src/install/messages/lib/python3.12/site-packages/messages/messages_s__rosidl_typesupport_fastrtps_c.so
-- Up-to-date: /home/feige/ROS2_src/install/messages/lib/python3.12/site-packages/messages/messages_s__rosidl_typesupport_introspection_c.so
-- Up-to-date: /home/feige/ROS2_src/install/messages/lib/python3.12/site-packages/messages/messages_s__rosidl_typesupport_c.so
-- Up-to-date: /home/feige/ROS2_src/install/messages/lib/libmessages__rosidl_generator_py.so
-- Up-to-date: /home/feige/ROS2_src/install/messages/share/ament_index/resource_index/rust_packages/messages
-- Up-to-date: /home/feige/ROS2_src/install/messages/share/messages/rust
-- Up-to-date: /home/feige/ROS2_src/install/messages/share/messages/rust/src
-- Up-to-date: /home/feige/ROS2_src/install/messages/share/messages/rust/src/msg
-- Up-to-date: /home/feige/ROS2_src/install/messages/share/messages/rust/src/msg/rmw.rs
-- Up-to-date: /home/feige/ROS2_src/install/messages/share/messages/rust/src/msg.rs
-- Up-to-date: /home/feige/ROS2_src/install/messages/share/messages/rust/src/lib.rs
-- Up-to-date: /home/feige/ROS2_src/install/messages/share/messages/rust/build.rs
-- Up-to-date: /home/feige/ROS2_src/install/messages/share/messages/rust/Cargo.toml
-- Up-to-date: /home/feige/ROS2_src/install/messages/share/messages/msg/OffsetPX.idl
-- Up-to-date: /home/feige/ROS2_src/install/messages/share/messages/msg/OffsetPX.msg
-- Up-to-date: /home/feige/ROS2_src/install/messages/share/ament_index/resource_index/package_run_dependencies/messages
-- Up-to-date: /home/feige/ROS2_src/install/messages/share/ament_index/resource_index/parent_prefix_path/messages
-- Up-to-date: /home/feige/ROS2_src/install/messages/share/messages/environment/ament_prefix_path.sh
-- Up-to-date: /home/feige/ROS2_src/install/messages/share/messages/environment/ament_prefix_path.dsv
-- Up-to-date: /home/feige/ROS2_src/install/messages/share/messages/environment/path.sh
-- Up-to-date: /home/feige/ROS2_src/install/messages/share/messages/environment/path.dsv
-- Up-to-date: /home/feige/ROS2_src/install/messages/share/messages/local_setup.bash
-- Up-to-date: /home/feige/ROS2_src/install/messages/share/messages/local_setup.sh
-- Up-to-date: /home/feige/ROS2_src/install/messages/share/messages/local_setup.zsh
-- Up-to-date: /home/feige/ROS2_src/install/messages/share/messages/local_setup.dsv
-- Installing: /home/feige/ROS2_src/install/messages/share/messages/package.dsv
-- Up-to-date: /home/feige/ROS2_src/install/messages/share/ament_index/resource_index/packages/messages
-- Up-to-date: /home/feige/ROS2_src/install/messages/share/messages/cmake/export_messages__rosidl_generator_cExport.cmake
-- Up-to-date: /home/feige/ROS2_src/install/messages/share/messages/cmake/export_messages__rosidl_generator_cExport-noconfig.cmake
-- Up-to-date: /home/feige/ROS2_src/install/messages/share/messages/cmake/export_messages__rosidl_typesupport_fastrtps_cExport.cmake
-- Up-to-date: /home/feige/ROS2_src/install/messages/share/messages/cmake/export_messages__rosidl_typesupport_fastrtps_cExport-noconfig.cmake
-- Up-to-date: /home/feige/ROS2_src/install/messages/share/messages/cmake/messages__rosidl_typesupport_introspection_cExport.cmake
-- Up-to-date: /home/feige/ROS2_src/install/messages/share/messages/cmake/messages__rosidl_typesupport_introspection_cExport-noconfig.cmake
-- Up-to-date: /home/feige/ROS2_src/install/messages/share/messages/cmake/messages__rosidl_typesupport_cExport.cmake
-- Up-to-date: /home/feige/ROS2_src/install/messages/share/messages/cmake/messages__rosidl_typesupport_cExport-noconfig.cmake
-- Up-to-date: /home/feige/ROS2_src/install/messages/share/messages/cmake/export_messages__rosidl_generator_cppExport.cmake
-- Up-to-date: /home/feige/ROS2_src/install/messages/share/messages/cmake/export_messages__rosidl_typesupport_fastrtps_cppExport.cmake
-- Up-to-date: /home/feige/ROS2_src/install/messages/share/messages/cmake/export_messages__rosidl_typesupport_fastrtps_cppExport-noconfig.cmake
-- Up-to-date: /home/feige/ROS2_src/install/messages/share/messages/cmake/messages__rosidl_typesupport_introspection_cppExport.cmake
-- Up-to-date: /home/feige/ROS2_src/install/messages/share/messages/cmake/messages__rosidl_typesupport_introspection_cppExport-noconfig.cmake
-- Up-to-date: /home/feige/ROS2_src/install/messages/share/messages/cmake/messages__rosidl_typesupport_cppExport.cmake
-- Up-to-date: /home/feige/ROS2_src/install/messages/share/messages/cmake/messages__rosidl_typesupport_cppExport-noconfig.cmake
-- Up-to-date: /home/feige/ROS2_src/install/messages/share/messages/cmake/export_messages__rosidl_generator_pyExport.cmake
-- Up-to-date: /home/feige/ROS2_src/install/messages/share/messages/cmake/export_messages__rosidl_generator_pyExport-noconfig.cmake
-- Up-to-date: /home/feige/ROS2_src/install/messages/share/messages/cmake/rosidl_cmake-extras.cmake
-- Up-to-date: /home/feige/ROS2_src/install/messages/share/messages/cmake/ament_cmake_export_include_directories-extras.cmake
-- Up-to-date: /home/feige/ROS2_src/install/messages/share/messages/cmake/ament_cmake_export_libraries-extras.cmake
-- Up-to-date: /home/feige/ROS2_src/install/messages/share/messages/cmake/ament_cmake_export_targets-extras.cmake
-- Up-to-date: /home/feige/ROS2_src/install/messages/share/messages/cmake/rosidl_cmake_export_typesupport_targets-extras.cmake
-- Up-to-date: /home/feige/ROS2_src/install/messages/share/messages/cmake/ament_cmake_export_dependencies-extras.cmake
-- Up-to-date: /home/feige/ROS2_src/install/messages/share/messages/cmake/rosidl_cmake_export_typesupport_libraries-extras.cmake
-- Up-to-date: /home/feige/ROS2_src/install/messages/share/messages/cmake/messagesConfig.cmake
-- Up-to-date: /home/feige/ROS2_src/install/messages/share/messages/cmake/messagesConfig-version.cmake
-- Up-to-date: /home/feige/ROS2_src/install/messages/share/messages/package.xml
