[0.070s] Invoking command in '/home/feige/ROS2_src/build/messages': CMAKE_PREFIX_PATH=/home/feige/ROS2_src/install/motor_motion:/opt/ros/jazzy /usr/bin/cmake --build /home/feige/ROS2_src/build/messages -- -j4 -l4
[0.395s] [  2%] Built target messages__rosidl_generator_type_description
[0.398s] [  5%] Built target messages__rs
[0.451s] [  5%] Built target ament_cmake_python_copy_messages
[0.506s] [  8%] Built target messages__cpp
[0.525s] [ 22%] Built target messages__rosidl_generator_c
[0.697s] [ 31%] Built target messages__rosidl_typesupport_fastrtps_c
[0.737s] [ 45%] Built target messages__rosidl_typesupport_introspection_c
[0.747s] [ 48%] Built target messages__rosidl_typesupport_introspection_cpp
[0.862s] [ 57%] Built target messages__rosidl_typesupport_cpp
[0.903s] [ 65%] Built target messages__rosidl_typesupport_fastrtps_cpp
[0.907s] [ 74%] Built target messages__rosidl_typesupport_c
[1.016s] [ 74%] Built target messages
[1.119s] [ 77%] Built target messages__py
[1.242s] [ 82%] Built target messages__rosidl_generator_py
[1.395s] [ 88%] Built target messages_s__rosidl_typesupport_fastrtps_c
[1.424s] [ 94%] Built target messages_s__rosidl_typesupport_introspection_c
[1.431s] [100%] Built target messages_s__rosidl_typesupport_c
[1.569s] running egg_info
[1.638s] writing messages.egg-info/PKG-INFO
[1.639s] writing dependency_links to messages.egg-info/dependency_links.txt
[1.642s] writing top-level names to messages.egg-info/top_level.txt
[1.837s] reading manifest file 'messages.egg-info/SOURCES.txt'
[1.842s] writing manifest file 'messages.egg-info/SOURCES.txt'
[1.986s] [100%] Built target ament_cmake_python_build_messages_egg
[2.039s] Invoked command in '/home/feige/ROS2_src/build/messages' returned '0': CMAKE_PREFIX_PATH=/home/feige/ROS2_src/install/motor_motion:/opt/ros/jazzy /usr/bin/cmake --build /home/feige/ROS2_src/build/messages -- -j4 -l4
[2.088s] Invoking command in '/home/feige/ROS2_src/build/messages': CMAKE_PREFIX_PATH=/home/feige/ROS2_src/install/motor_motion:/opt/ros/jazzy /usr/bin/cmake --install /home/feige/ROS2_src/build/messages
[2.125s] -- Install configuration: ""
[2.126s] -- Up-to-date: /home/feige/ROS2_src/install/messages/share/ament_index/resource_index/rosidl_interfaces/messages
[2.126s] -- Up-to-date: /home/feige/ROS2_src/install/messages/share/messages/msg/OffsetPX.json
[2.127s] -- Up-to-date: /home/feige/ROS2_src/install/messages/include/messages/messages
[2.127s] -- Up-to-date: /home/feige/ROS2_src/install/messages/include/messages/messages/msg
[2.128s] -- Up-to-date: /home/feige/ROS2_src/install/messages/include/messages/messages/msg/offset_px.h
[2.128s] -- Up-to-date: /home/feige/ROS2_src/install/messages/include/messages/messages/msg/detail
[2.129s] -- Up-to-date: /home/feige/ROS2_src/install/messages/include/messages/messages/msg/detail/offset_px__description.c
[2.129s] -- Up-to-date: /home/feige/ROS2_src/install/messages/include/messages/messages/msg/detail/offset_px__struct.h
[2.130s] -- Up-to-date: /home/feige/ROS2_src/install/messages/include/messages/messages/msg/detail/offset_px__functions.c
[2.130s] -- Up-to-date: /home/feige/ROS2_src/install/messages/include/messages/messages/msg/detail/offset_px__functions.h
[2.130s] -- Up-to-date: /home/feige/ROS2_src/install/messages/include/messages/messages/msg/detail/offset_px__type_support.h
[2.131s] -- Installing: /home/feige/ROS2_src/install/messages/include/messages/messages/msg/detail/offset_px__type_support.c
[2.133s] -- Up-to-date: /home/feige/ROS2_src/install/messages/include/messages/messages/msg/rosidl_generator_c__visibility_control.h
[2.134s] -- Up-to-date: /home/feige/ROS2_src/install/messages/share/messages/environment/library_path.sh
[2.134s] -- Up-to-date: /home/feige/ROS2_src/install/messages/share/messages/environment/library_path.dsv
[2.135s] -- Up-to-date: /home/feige/ROS2_src/install/messages/lib/libmessages__rosidl_generator_c.so
[2.136s] -- Up-to-date: /home/feige/ROS2_src/install/messages/include/messages/messages
[2.137s] -- Up-to-date: /home/feige/ROS2_src/install/messages/include/messages/messages/msg
[2.137s] -- Up-to-date: /home/feige/ROS2_src/install/messages/include/messages/messages/msg/detail
[2.138s] -- Up-to-date: /home/feige/ROS2_src/install/messages/include/messages/messages/msg/detail/offset_px__rosidl_typesupport_fastrtps_c.h
[2.138s] -- Up-to-date: /home/feige/ROS2_src/install/messages/include/messages/messages/msg/rosidl_typesupport_fastrtps_c__visibility_control.h
[2.139s] -- Up-to-date: /home/feige/ROS2_src/install/messages/lib/libmessages__rosidl_typesupport_fastrtps_c.so
[2.141s] -- Up-to-date: /home/feige/ROS2_src/install/messages/include/messages/messages
[2.142s] -- Up-to-date: /home/feige/ROS2_src/install/messages/include/messages/messages/msg
[2.142s] -- Up-to-date: /home/feige/ROS2_src/install/messages/include/messages/messages/msg/rosidl_typesupport_introspection_c__visibility_control.h
[2.143s] -- Up-to-date: /home/feige/ROS2_src/install/messages/include/messages/messages/msg/detail
[2.143s] -- Up-to-date: /home/feige/ROS2_src/install/messages/include/messages/messages/msg/detail/offset_px__rosidl_typesupport_introspection_c.h
[2.144s] -- Installing: /home/feige/ROS2_src/install/messages/include/messages/messages/msg/detail/offset_px__type_support.c
[2.148s] -- Up-to-date: /home/feige/ROS2_src/install/messages/lib/libmessages__rosidl_typesupport_introspection_c.so
[2.150s] -- Up-to-date: /home/feige/ROS2_src/install/messages/lib/libmessages__rosidl_typesupport_c.so
[2.151s] -- Up-to-date: /home/feige/ROS2_src/install/messages/include/messages/messages
[2.152s] -- Up-to-date: /home/feige/ROS2_src/install/messages/include/messages/messages/msg
[2.153s] -- Up-to-date: /home/feige/ROS2_src/install/messages/include/messages/messages/msg/offset_px.hpp
[2.153s] -- Up-to-date: /home/feige/ROS2_src/install/messages/include/messages/messages/msg/rosidl_generator_cpp__visibility_control.hpp
[2.154s] -- Up-to-date: /home/feige/ROS2_src/install/messages/include/messages/messages/msg/detail
[2.155s] -- Up-to-date: /home/feige/ROS2_src/install/messages/include/messages/messages/msg/detail/offset_px__type_support.hpp
[2.155s] -- Up-to-date: /home/feige/ROS2_src/install/messages/include/messages/messages/msg/detail/offset_px__traits.hpp
[2.156s] -- Up-to-date: /home/feige/ROS2_src/install/messages/include/messages/messages/msg/detail/offset_px__builder.hpp
[2.156s] -- Up-to-date: /home/feige/ROS2_src/install/messages/include/messages/messages/msg/detail/offset_px__struct.hpp
[2.157s] -- Up-to-date: /home/feige/ROS2_src/install/messages/include/messages/messages
[2.157s] -- Up-to-date: /home/feige/ROS2_src/install/messages/include/messages/messages/msg
[2.157s] -- Up-to-date: /home/feige/ROS2_src/install/messages/include/messages/messages/msg/rosidl_typesupport_fastrtps_cpp__visibility_control.h
[2.158s] -- Up-to-date: /home/feige/ROS2_src/install/messages/include/messages/messages/msg/detail
[2.158s] -- Up-to-date: /home/feige/ROS2_src/install/messages/include/messages/messages/msg/detail/dds_fastrtps
[2.159s] -- Up-to-date: /home/feige/ROS2_src/install/messages/include/messages/messages/msg/detail/offset_px__rosidl_typesupport_fastrtps_cpp.hpp
[2.161s] -- Up-to-date: /home/feige/ROS2_src/install/messages/lib/libmessages__rosidl_typesupport_fastrtps_cpp.so
[2.162s] -- Up-to-date: /home/feige/ROS2_src/install/messages/include/messages/messages
[2.163s] -- Up-to-date: /home/feige/ROS2_src/install/messages/include/messages/messages/msg
[2.164s] -- Up-to-date: /home/feige/ROS2_src/install/messages/include/messages/messages/msg/detail
[2.164s] -- Up-to-date: /home/feige/ROS2_src/install/messages/include/messages/messages/msg/detail/offset_px__type_support.cpp
[2.164s] -- Up-to-date: /home/feige/ROS2_src/install/messages/include/messages/messages/msg/detail/offset_px__rosidl_typesupport_introspection_cpp.hpp
[2.166s] -- Up-to-date: /home/feige/ROS2_src/install/messages/lib/libmessages__rosidl_typesupport_introspection_cpp.so
[2.169s] -- Up-to-date: /home/feige/ROS2_src/install/messages/lib/libmessages__rosidl_typesupport_cpp.so
[2.170s] -- Up-to-date: /home/feige/ROS2_src/install/messages/share/messages/environment/pythonpath.sh
[2.170s] -- Up-to-date: /home/feige/ROS2_src/install/messages/share/messages/environment/pythonpath.dsv
[2.171s] -- Up-to-date: /home/feige/ROS2_src/install/messages/lib/python3.12/site-packages/messages-0.0.0-py3.12.egg-info
[2.171s] -- Installing: /home/feige/ROS2_src/install/messages/lib/python3.12/site-packages/messages-0.0.0-py3.12.egg-info/dependency_links.txt
[2.173s] -- Installing: /home/feige/ROS2_src/install/messages/lib/python3.12/site-packages/messages-0.0.0-py3.12.egg-info/SOURCES.txt
[2.174s] -- Installing: /home/feige/ROS2_src/install/messages/lib/python3.12/site-packages/messages-0.0.0-py3.12.egg-info/top_level.txt
[2.175s] -- Installing: /home/feige/ROS2_src/install/messages/lib/python3.12/site-packages/messages-0.0.0-py3.12.egg-info/PKG-INFO
[2.177s] -- Up-to-date: /home/feige/ROS2_src/install/messages/lib/python3.12/site-packages/messages
[2.177s] -- Up-to-date: /home/feige/ROS2_src/install/messages/lib/python3.12/site-packages/messages/_messages_s.ep.rosidl_typesupport_introspection_c.c
[2.178s] -- Up-to-date: /home/feige/ROS2_src/install/messages/lib/python3.12/site-packages/messages/msg
[2.178s] -- Up-to-date: /home/feige/ROS2_src/install/messages/lib/python3.12/site-packages/messages/msg/__init__.py
[2.179s] -- Up-to-date: /home/feige/ROS2_src/install/messages/lib/python3.12/site-packages/messages/msg/_offset_px_s.c
[2.180s] -- Up-to-date: /home/feige/ROS2_src/install/messages/lib/python3.12/site-packages/messages/msg/_offset_px.py
[2.180s] -- Up-to-date: /home/feige/ROS2_src/install/messages/lib/python3.12/site-packages/messages/_messages_s.ep.rosidl_typesupport_c.c
[2.180s] -- Up-to-date: /home/feige/ROS2_src/install/messages/lib/python3.12/site-packages/messages/__init__.py
[2.181s] -- Up-to-date: /home/feige/ROS2_src/install/messages/lib/python3.12/site-packages/messages/messages_s__rosidl_typesupport_fastrtps_c.so
[2.181s] -- Up-to-date: /home/feige/ROS2_src/install/messages/lib/python3.12/site-packages/messages/messages_s__rosidl_typesupport_c.so
[2.182s] -- Up-to-date: /home/feige/ROS2_src/install/messages/lib/python3.12/site-packages/messages/messages_s__rosidl_typesupport_introspection_c.so
[2.183s] -- Up-to-date: /home/feige/ROS2_src/install/messages/lib/python3.12/site-packages/messages/_messages_s.ep.rosidl_typesupport_fastrtps_c.c
[2.345s] Listing '/home/feige/ROS2_src/install/messages/lib/python3.12/site-packages/messages'...
[2.346s] Listing '/home/feige/ROS2_src/install/messages/lib/python3.12/site-packages/messages/msg'...
[2.379s] -- Up-to-date: /home/feige/ROS2_src/install/messages/lib/python3.12/site-packages/messages/messages_s__rosidl_typesupport_fastrtps_c.so
[2.382s] -- Up-to-date: /home/feige/ROS2_src/install/messages/lib/python3.12/site-packages/messages/messages_s__rosidl_typesupport_introspection_c.so
[2.385s] -- Up-to-date: /home/feige/ROS2_src/install/messages/lib/python3.12/site-packages/messages/messages_s__rosidl_typesupport_c.so
[2.390s] -- Up-to-date: /home/feige/ROS2_src/install/messages/lib/libmessages__rosidl_generator_py.so
[2.392s] -- Up-to-date: /home/feige/ROS2_src/install/messages/share/ament_index/resource_index/rust_packages/messages
[2.393s] -- Up-to-date: /home/feige/ROS2_src/install/messages/share/messages/rust
[2.394s] -- Up-to-date: /home/feige/ROS2_src/install/messages/share/messages/rust/src
[2.394s] -- Up-to-date: /home/feige/ROS2_src/install/messages/share/messages/rust/src/msg
[2.395s] -- Up-to-date: /home/feige/ROS2_src/install/messages/share/messages/rust/src/msg/rmw.rs
[2.395s] -- Up-to-date: /home/feige/ROS2_src/install/messages/share/messages/rust/src/msg.rs
[2.396s] -- Up-to-date: /home/feige/ROS2_src/install/messages/share/messages/rust/src/lib.rs
[2.396s] -- Up-to-date: /home/feige/ROS2_src/install/messages/share/messages/rust/build.rs
[2.397s] -- Up-to-date: /home/feige/ROS2_src/install/messages/share/messages/rust/Cargo.toml
[2.398s] -- Up-to-date: /home/feige/ROS2_src/install/messages/share/messages/msg/OffsetPX.idl
[2.398s] -- Up-to-date: /home/feige/ROS2_src/install/messages/share/messages/msg/OffsetPX.msg
[2.399s] -- Up-to-date: /home/feige/ROS2_src/install/messages/share/ament_index/resource_index/package_run_dependencies/messages
[2.400s] -- Up-to-date: /home/feige/ROS2_src/install/messages/share/ament_index/resource_index/parent_prefix_path/messages
[2.400s] -- Up-to-date: /home/feige/ROS2_src/install/messages/share/messages/environment/ament_prefix_path.sh
[2.400s] -- Up-to-date: /home/feige/ROS2_src/install/messages/share/messages/environment/ament_prefix_path.dsv
[2.401s] -- Up-to-date: /home/feige/ROS2_src/install/messages/share/messages/environment/path.sh
[2.401s] -- Up-to-date: /home/feige/ROS2_src/install/messages/share/messages/environment/path.dsv
[2.402s] -- Up-to-date: /home/feige/ROS2_src/install/messages/share/messages/local_setup.bash
[2.402s] -- Up-to-date: /home/feige/ROS2_src/install/messages/share/messages/local_setup.sh
[2.403s] -- Up-to-date: /home/feige/ROS2_src/install/messages/share/messages/local_setup.zsh
[2.403s] -- Up-to-date: /home/feige/ROS2_src/install/messages/share/messages/local_setup.dsv
[2.403s] -- Installing: /home/feige/ROS2_src/install/messages/share/messages/package.dsv
[2.404s] -- Up-to-date: /home/feige/ROS2_src/install/messages/share/ament_index/resource_index/packages/messages
[2.404s] -- Up-to-date: /home/feige/ROS2_src/install/messages/share/messages/cmake/export_messages__rosidl_generator_cExport.cmake
[2.405s] -- Up-to-date: /home/feige/ROS2_src/install/messages/share/messages/cmake/export_messages__rosidl_generator_cExport-noconfig.cmake
[2.406s] -- Up-to-date: /home/feige/ROS2_src/install/messages/share/messages/cmake/export_messages__rosidl_typesupport_fastrtps_cExport.cmake
[2.407s] -- Up-to-date: /home/feige/ROS2_src/install/messages/share/messages/cmake/export_messages__rosidl_typesupport_fastrtps_cExport-noconfig.cmake
[2.408s] -- Up-to-date: /home/feige/ROS2_src/install/messages/share/messages/cmake/messages__rosidl_typesupport_introspection_cExport.cmake
[2.409s] -- Up-to-date: /home/feige/ROS2_src/install/messages/share/messages/cmake/messages__rosidl_typesupport_introspection_cExport-noconfig.cmake
[2.410s] -- Up-to-date: /home/feige/ROS2_src/install/messages/share/messages/cmake/messages__rosidl_typesupport_cExport.cmake
[2.411s] -- Up-to-date: /home/feige/ROS2_src/install/messages/share/messages/cmake/messages__rosidl_typesupport_cExport-noconfig.cmake
[2.412s] -- Up-to-date: /home/feige/ROS2_src/install/messages/share/messages/cmake/export_messages__rosidl_generator_cppExport.cmake
[2.413s] -- Up-to-date: /home/feige/ROS2_src/install/messages/share/messages/cmake/export_messages__rosidl_typesupport_fastrtps_cppExport.cmake
[2.414s] -- Up-to-date: /home/feige/ROS2_src/install/messages/share/messages/cmake/export_messages__rosidl_typesupport_fastrtps_cppExport-noconfig.cmake
[2.416s] -- Up-to-date: /home/feige/ROS2_src/install/messages/share/messages/cmake/messages__rosidl_typesupport_introspection_cppExport.cmake
[2.416s] -- Up-to-date: /home/feige/ROS2_src/install/messages/share/messages/cmake/messages__rosidl_typesupport_introspection_cppExport-noconfig.cmake
[2.417s] -- Up-to-date: /home/feige/ROS2_src/install/messages/share/messages/cmake/messages__rosidl_typesupport_cppExport.cmake
[2.418s] -- Up-to-date: /home/feige/ROS2_src/install/messages/share/messages/cmake/messages__rosidl_typesupport_cppExport-noconfig.cmake
[2.419s] -- Up-to-date: /home/feige/ROS2_src/install/messages/share/messages/cmake/export_messages__rosidl_generator_pyExport.cmake
[2.420s] -- Up-to-date: /home/feige/ROS2_src/install/messages/share/messages/cmake/export_messages__rosidl_generator_pyExport-noconfig.cmake
[2.420s] -- Up-to-date: /home/feige/ROS2_src/install/messages/share/messages/cmake/rosidl_cmake-extras.cmake
[2.421s] -- Up-to-date: /home/feige/ROS2_src/install/messages/share/messages/cmake/ament_cmake_export_include_directories-extras.cmake
[2.422s] -- Up-to-date: /home/feige/ROS2_src/install/messages/share/messages/cmake/ament_cmake_export_libraries-extras.cmake
[2.422s] -- Up-to-date: /home/feige/ROS2_src/install/messages/share/messages/cmake/ament_cmake_export_targets-extras.cmake
[2.423s] -- Up-to-date: /home/feige/ROS2_src/install/messages/share/messages/cmake/rosidl_cmake_export_typesupport_targets-extras.cmake
[2.424s] -- Up-to-date: /home/feige/ROS2_src/install/messages/share/messages/cmake/ament_cmake_export_dependencies-extras.cmake
[2.424s] -- Up-to-date: /home/feige/ROS2_src/install/messages/share/messages/cmake/rosidl_cmake_export_typesupport_libraries-extras.cmake
[2.425s] -- Up-to-date: /home/feige/ROS2_src/install/messages/share/messages/cmake/messagesConfig.cmake
[2.425s] -- Up-to-date: /home/feige/ROS2_src/install/messages/share/messages/cmake/messagesConfig-version.cmake
[2.426s] -- Up-to-date: /home/feige/ROS2_src/install/messages/share/messages/package.xml
[2.433s] Invoked command in '/home/feige/ROS2_src/build/messages' returned '0': CMAKE_PREFIX_PATH=/home/feige/ROS2_src/install/motor_motion:/opt/ros/jazzy /usr/bin/cmake --install /home/feige/ROS2_src/build/messages
