[3.187s] Invoking command in '/home/feige/ROS2_src/motor_motion': PYTHONPATH=/home/feige/ROS2_src/build/motor_motion/prefix_override:/usr/lib/python3/dist-packages/colcon_core/task/python/colcon_distutils_commands:/home/feige/ROS2_src/install/motor_motion/lib/python3.12/site-packages:${PYTHONPATH} /usr/bin/python3 -W ignore:setup.py install is deprecated -W ignore:easy_install command is deprecated setup.py egg_info --egg-base ../build/motor_motion build --build-base /home/feige/ROS2_src/build/motor_motion/build install --record /home/feige/ROS2_src/build/motor_motion/install.log --single-version-externally-managed install_data
[4.190s] running egg_info
[4.256s] writing ../build/motor_motion/motor_motion.egg-info/PKG-INFO
[4.257s] writing dependency_links to ../build/motor_motion/motor_motion.egg-info/dependency_links.txt
[4.260s] writing entry points to ../build/motor_motion/motor_motion.egg-info/entry_points.txt
[4.261s] writing requirements to ../build/motor_motion/motor_motion.egg-info/requires.txt
[4.262s] writing top-level names to ../build/motor_motion/motor_motion.egg-info/top_level.txt
[4.397s] reading manifest file '../build/motor_motion/motor_motion.egg-info/SOURCES.txt'
[4.399s] adding license file 'LICENSE'
[4.401s] writing manifest file '../build/motor_motion/motor_motion.egg-info/SOURCES.txt'
[4.402s] running build
[4.403s] running build_py
[4.403s] copying motor_motion/usb_camera.py -> /home/feige/ROS2_src/build/motor_motion/build/lib/motor_motion
[4.406s] running install
[4.430s] running install_lib
[4.496s] copying /home/feige/ROS2_src/build/motor_motion/build/lib/motor_motion/usb_camera.py -> /home/feige/ROS2_src/install/motor_motion/lib/python3.12/site-packages/motor_motion
[4.499s] byte-compiling /home/feige/ROS2_src/install/motor_motion/lib/python3.12/site-packages/motor_motion/usb_camera.py to usb_camera.cpython-312.pyc
[4.502s] running install_data
[4.502s] running install_egg_info
[4.574s] removing '/home/feige/ROS2_src/install/motor_motion/lib/python3.12/site-packages/motor_motion-0.0.0-py3.12.egg-info' (and everything under it)
[4.575s] Copying ../build/motor_motion/motor_motion.egg-info to /home/feige/ROS2_src/install/motor_motion/lib/python3.12/site-packages/motor_motion-0.0.0-py3.12.egg-info
[4.582s] running install_scripts
[5.079s] Installing motor_pan script to /home/feige/ROS2_src/install/motor_motion/lib/motor_motion
[5.080s] Installing usb_camera script to /home/feige/ROS2_src/install/motor_motion/lib/motor_motion
[5.084s] writing list of installed files to '/home/feige/ROS2_src/build/motor_motion/install.log'
[5.224s] Invoked command in '/home/feige/ROS2_src/motor_motion' returned '0': PYTHONPATH=/home/feige/ROS2_src/build/motor_motion/prefix_override:/usr/lib/python3/dist-packages/colcon_core/task/python/colcon_distutils_commands:/home/feige/ROS2_src/install/motor_motion/lib/python3.12/site-packages:${PYTHONPATH} /usr/bin/python3 -W ignore:setup.py install is deprecated -W ignore:easy_install command is deprecated setup.py egg_info --egg-base ../build/motor_motion build --build-base /home/feige/ROS2_src/build/motor_motion/build install --record /home/feige/ROS2_src/build/motor_motion/install.log --single-version-externally-managed install_data
