[3.067s] Invoking command in '/home/feige/ROS2_src/motor_motion': PYTHONPATH=/home/feige/ROS2_src/build/motor_motion/prefix_override:/usr/lib/python3/dist-packages/colcon_core/task/python/colcon_distutils_commands:/home/feige/ROS2_src/install/motor_motion/lib/python3.12/site-packages:${PYTHONPATH} /usr/bin/python3 -W ignore:setup.py install is deprecated -W ignore:easy_install command is deprecated setup.py egg_info --egg-base ../build/motor_motion build --build-base /home/feige/ROS2_src/build/motor_motion/build install --record /home/feige/ROS2_src/build/motor_motion/install.log --single-version-externally-managed install_data
[4.045s] running egg_info
[4.108s] writing ../build/motor_motion/motor_motion.egg-info/PKG-INFO
[4.109s] writing dependency_links to ../build/motor_motion/motor_motion.egg-info/dependency_links.txt
[4.112s] writing entry points to ../build/motor_motion/motor_motion.egg-info/entry_points.txt
[4.113s] writing requirements to ../build/motor_motion/motor_motion.egg-info/requires.txt
[4.113s] writing top-level names to ../build/motor_motion/motor_motion.egg-info/top_level.txt
[4.243s] reading manifest file '../build/motor_motion/motor_motion.egg-info/SOURCES.txt'
[4.244s] adding license file 'LICENSE'
[4.246s] writing manifest file '../build/motor_motion/motor_motion.egg-info/SOURCES.txt'
[4.247s] running build
[4.248s] running build_py
[4.249s] copying motor_motion/motor_pan.py -> /home/feige/ROS2_src/build/motor_motion/build/lib/motor_motion
[4.251s] running install
[4.274s] running install_lib
[4.338s] copying /home/feige/ROS2_src/build/motor_motion/build/lib/motor_motion/motor_pan.py -> /home/feige/ROS2_src/install/motor_motion/lib/python3.12/site-packages/motor_motion
[4.341s] byte-compiling /home/feige/ROS2_src/install/motor_motion/lib/python3.12/site-packages/motor_motion/motor_pan.py to motor_pan.cpython-312.pyc
[4.343s] running install_data
[4.344s] running install_egg_info
[4.411s] removing '/home/feige/ROS2_src/install/motor_motion/lib/python3.12/site-packages/motor_motion-0.0.0-py3.12.egg-info' (and everything under it)
[4.412s] Copying ../build/motor_motion/motor_motion.egg-info to /home/feige/ROS2_src/install/motor_motion/lib/python3.12/site-packages/motor_motion-0.0.0-py3.12.egg-info
[4.418s] running install_scripts
[4.914s] Installing motor_pan script to /home/feige/ROS2_src/install/motor_motion/lib/motor_motion
[4.915s] Installing usb_camera script to /home/feige/ROS2_src/install/motor_motion/lib/motor_motion
[4.918s] writing list of installed files to '/home/feige/ROS2_src/build/motor_motion/install.log'
[5.060s] Invoked command in '/home/feige/ROS2_src/motor_motion' returned '0': PYTHONPATH=/home/feige/ROS2_src/build/motor_motion/prefix_override:/usr/lib/python3/dist-packages/colcon_core/task/python/colcon_distutils_commands:/home/feige/ROS2_src/install/motor_motion/lib/python3.12/site-packages:${PYTHONPATH} /usr/bin/python3 -W ignore:setup.py install is deprecated -W ignore:easy_install command is deprecated setup.py egg_info --egg-base ../build/motor_motion build --build-base /home/feige/ROS2_src/build/motor_motion/build install --record /home/feige/ROS2_src/build/motor_motion/install.log --single-version-externally-managed install_data
