[0.407s] DEBUG:colcon:Command line arguments: ['/usr/bin/colcon', 'build', '--packages-select', 'messages']
[0.408s] DEBUG:colcon:Parsed command line arguments: Namespace(log_base=None, log_level=None, verb_name='build', build_base='build', install_base='install', merge_install=False, symlink_install=False, test_result_base=None, continue_on_error=False, executor='parallel', parallel_workers=4, event_handlers=None, ignore_user_meta=False, metas=['./colcon.meta'], base_paths=['.'], packages_ignore=None, packages_ignore_regex=None, paths=None, packages_up_to=None, packages_up_to_regex=None, packages_above=None, packages_above_and_dependencies=None, packages_above_depth=None, packages_select_by_dep=None, packages_skip_by_dep=None, packages_skip_up_to=None, packages_select_build_failed=False, packages_skip_build_finished=False, packages_select_test_failures=False, packages_skip_test_passed=False, packages_select=['messages'], packages_skip=None, packages_select_regex=None, packages_skip_regex=None, packages_start=None, packages_end=None, cmake_args=None, cmake_target=None, cmake_target_skip_unavailable=False, cmake_clean_cache=False, cmake_clean_first=False, cmake_force_configure=False, ament_cmake_args=None, catkin_cmake_args=None, catkin_skip_building_tests=False, verb_parser=<colcon_defaults.argument_parser.defaults.DefaultArgumentsDecorator object at 0xffff8250aa20>, verb_extension=<colcon_core.verb.build.BuildVerb object at 0xffff82d57770>, main=<bound method BuildVerb.main of <colcon_core.verb.build.BuildVerb object at 0xffff82d57770>>)
[0.577s] Level 1:colcon.colcon_core.package_discovery:discover_packages(colcon_meta) check parameters
[0.578s] Level 1:colcon.colcon_core.package_discovery:discover_packages(recursive) check parameters
[0.578s] Level 1:colcon.colcon_core.package_discovery:discover_packages(ignore) check parameters
[0.578s] Level 1:colcon.colcon_core.package_discovery:discover_packages(path) check parameters
[0.578s] Level 1:colcon.colcon_core.package_discovery:discover_packages(colcon_meta) discover
[0.578s] Level 1:colcon.colcon_core.package_discovery:discover_packages(recursive) discover
[0.579s] INFO:colcon.colcon_core.package_discovery:Crawling recursively for packages in '/home/feige/ROS2_src'
[0.579s] Level 1:colcon.colcon_core.package_identification:_identify(.) by extensions ['ignore', 'ignore_ament_install']
[0.579s] Level 1:colcon.colcon_core.package_identification:_identify(.) by extension 'ignore'
[0.580s] Level 1:colcon.colcon_core.package_identification:_identify(.) by extension 'ignore_ament_install'
[0.580s] Level 1:colcon.colcon_core.package_identification:_identify(.) by extensions ['colcon_pkg']
[0.580s] Level 1:colcon.colcon_core.package_identification:_identify(.) by extension 'colcon_pkg'
[0.580s] Level 1:colcon.colcon_core.package_identification:_identify(.) by extensions ['colcon_meta']
[0.580s] Level 1:colcon.colcon_core.package_identification:_identify(.) by extension 'colcon_meta'
[0.581s] Level 1:colcon.colcon_core.package_identification:_identify(.) by extensions ['ros']
[0.581s] Level 1:colcon.colcon_core.package_identification:_identify(.) by extension 'ros'
[0.681s] Level 1:colcon.colcon_core.package_identification:_identify(.) by extensions ['cmake', 'python']
[0.682s] Level 1:colcon.colcon_core.package_identification:_identify(.) by extension 'cmake'
[0.686s] Level 1:colcon.colcon_core.package_identification:_identify(.) by extension 'python'
[0.687s] Level 1:colcon.colcon_core.package_identification:_identify(.) by extensions ['python_setup_py']
[0.687s] Level 1:colcon.colcon_core.package_identification:_identify(.) by extension 'python_setup_py'
[0.688s] Level 1:colcon.colcon_core.package_identification:_identify(build) by extensions ['ignore', 'ignore_ament_install']
[0.688s] Level 1:colcon.colcon_core.package_identification:_identify(build) by extension 'ignore'
[0.688s] Level 1:colcon.colcon_core.package_identification:_identify(build) ignored
[0.689s] Level 1:colcon.colcon_core.package_identification:_identify(install) by extensions ['ignore', 'ignore_ament_install']
[0.689s] Level 1:colcon.colcon_core.package_identification:_identify(install) by extension 'ignore'
[0.689s] Level 1:colcon.colcon_core.package_identification:_identify(install) ignored
[0.690s] Level 1:colcon.colcon_core.package_identification:_identify(log) by extensions ['ignore', 'ignore_ament_install']
[0.690s] Level 1:colcon.colcon_core.package_identification:_identify(log) by extension 'ignore'
[0.691s] Level 1:colcon.colcon_core.package_identification:_identify(log) ignored
[0.691s] Level 1:colcon.colcon_core.package_identification:_identify(messages) by extensions ['ignore', 'ignore_ament_install']
[0.691s] Level 1:colcon.colcon_core.package_identification:_identify(messages) by extension 'ignore'
[0.692s] Level 1:colcon.colcon_core.package_identification:_identify(messages) by extension 'ignore_ament_install'
[0.692s] Level 1:colcon.colcon_core.package_identification:_identify(messages) by extensions ['colcon_pkg']
[0.692s] Level 1:colcon.colcon_core.package_identification:_identify(messages) by extension 'colcon_pkg'
[0.692s] Level 1:colcon.colcon_core.package_identification:_identify(messages) by extensions ['colcon_meta']
[0.692s] Level 1:colcon.colcon_core.package_identification:_identify(messages) by extension 'colcon_meta'
[0.692s] Level 1:colcon.colcon_core.package_identification:_identify(messages) by extensions ['ros']
[0.693s] Level 1:colcon.colcon_core.package_identification:_identify(messages) by extension 'ros'
[0.704s] DEBUG:colcon.colcon_core.package_identification:Package 'messages' with type 'ros.ament_cmake' and name 'messages'
[0.704s] Level 1:colcon.colcon_core.package_identification:_identify(motor_motion) by extensions ['ignore', 'ignore_ament_install']
[0.705s] Level 1:colcon.colcon_core.package_identification:_identify(motor_motion) by extension 'ignore'
[0.705s] Level 1:colcon.colcon_core.package_identification:_identify(motor_motion) by extension 'ignore_ament_install'
[0.705s] Level 1:colcon.colcon_core.package_identification:_identify(motor_motion) by extensions ['colcon_pkg']
[0.705s] Level 1:colcon.colcon_core.package_identification:_identify(motor_motion) by extension 'colcon_pkg'
[0.706s] Level 1:colcon.colcon_core.package_identification:_identify(motor_motion) by extensions ['colcon_meta']
[0.706s] Level 1:colcon.colcon_core.package_identification:_identify(motor_motion) by extension 'colcon_meta'
[0.706s] Level 1:colcon.colcon_core.package_identification:_identify(motor_motion) by extensions ['ros']
[0.706s] Level 1:colcon.colcon_core.package_identification:_identify(motor_motion) by extension 'ros'
[0.709s] DEBUG:colcon.colcon_core.package_identification:Package 'motor_motion' with type 'ros.ament_python' and name 'motor_motion'
[0.709s] Level 1:colcon.colcon_core.package_discovery:discover_packages(recursive) using defaults
[0.709s] Level 1:colcon.colcon_core.package_discovery:discover_packages(ignore) discover
[0.710s] Level 1:colcon.colcon_core.package_discovery:discover_packages(ignore) using defaults
[0.710s] Level 1:colcon.colcon_core.package_discovery:discover_packages(path) discover
[0.710s] Level 1:colcon.colcon_core.package_discovery:discover_packages(path) using defaults
[0.788s] INFO:colcon.colcon_core.package_selection:Skipping not selected package 'motor_motion' in 'motor_motion'
[0.789s] Level 5:colcon.colcon_core.verb:set package 'messages' build argument 'cmake_args' from command line to 'None'
[0.790s] Level 5:colcon.colcon_core.verb:set package 'messages' build argument 'cmake_target' from command line to 'None'
[0.790s] Level 5:colcon.colcon_core.verb:set package 'messages' build argument 'cmake_target_skip_unavailable' from command line to 'False'
[0.790s] Level 5:colcon.colcon_core.verb:set package 'messages' build argument 'cmake_clean_cache' from command line to 'False'
[0.790s] Level 5:colcon.colcon_core.verb:set package 'messages' build argument 'cmake_clean_first' from command line to 'False'
[0.790s] Level 5:colcon.colcon_core.verb:set package 'messages' build argument 'cmake_force_configure' from command line to 'False'
[0.790s] Level 5:colcon.colcon_core.verb:set package 'messages' build argument 'ament_cmake_args' from command line to 'None'
[0.790s] Level 5:colcon.colcon_core.verb:set package 'messages' build argument 'catkin_cmake_args' from command line to 'None'
[0.791s] Level 5:colcon.colcon_core.verb:set package 'messages' build argument 'catkin_skip_building_tests' from command line to 'False'
[0.791s] DEBUG:colcon.colcon_core.verb:Building package 'messages' with the following arguments: {'ament_cmake_args': None, 'build_base': '/home/feige/ROS2_src/build/messages', 'catkin_cmake_args': None, 'catkin_skip_building_tests': False, 'cmake_args': None, 'cmake_clean_cache': False, 'cmake_clean_first': False, 'cmake_force_configure': False, 'cmake_target': None, 'cmake_target_skip_unavailable': False, 'install_base': '/home/feige/ROS2_src/install/messages', 'merge_install': False, 'path': '/home/feige/ROS2_src/messages', 'symlink_install': False, 'test_result_base': None}
[0.791s] INFO:colcon.colcon_core.executor:Executing jobs using 'parallel' executor
[0.794s] DEBUG:colcon.colcon_parallel_executor.executor.parallel:run_until_complete
[0.795s] INFO:colcon.colcon_ros.task.ament_cmake.build:Building ROS package in '/home/feige/ROS2_src/messages' with build type 'ament_cmake'
[0.796s] INFO:colcon.colcon_cmake.task.cmake.build:Building CMake package in '/home/feige/ROS2_src/messages'
[0.805s] INFO:colcon.colcon_core.plugin_system:Skipping extension 'colcon_core.shell.bat': Not used on non-Windows systems
[0.806s] DEBUG:colcon.colcon_core.shell:Skip shell extension 'dsv' for command environment
[0.848s] DEBUG:colcon.colcon_core.event_handler.log_command:Invoking command in '/home/feige/ROS2_src/build/messages': CMAKE_PREFIX_PATH=/home/feige/ROS2_src/install/motor_motion:/opt/ros/jazzy /usr/bin/cmake /home/feige/ROS2_src/messages -DCMAKE_INSTALL_PREFIX=/home/feige/ROS2_src/install/messages
[2.245s] DEBUG:colcon.colcon_core.event_handler.log_command:Invoked command in '/home/feige/ROS2_src/build/messages' returned '1': CMAKE_PREFIX_PATH=/home/feige/ROS2_src/install/motor_motion:/opt/ros/jazzy /usr/bin/cmake /home/feige/ROS2_src/messages -DCMAKE_INSTALL_PREFIX=/home/feige/ROS2_src/install/messages
[2.299s] Level 1:colcon.colcon_core.environment:create_environment_scripts_only(messages)
[2.312s] Level 1:colcon.colcon_core.environment:checking '/home/feige/ROS2_src/install/messages' for CMake module files
[2.314s] Level 1:colcon.colcon_core.environment:checking '/home/feige/ROS2_src/install/messages' for CMake config files
[2.317s] Level 1:colcon.colcon_core.environment:checking '/home/feige/ROS2_src/install/messages/bin'
[2.317s] Level 1:colcon.colcon_core.environment:checking '/home/feige/ROS2_src/install/messages/lib/pkgconfig/messages.pc'
[2.325s] Level 1:colcon.colcon_core.environment:checking '/home/feige/ROS2_src/install/messages/lib/python3.12/site-packages'
[2.327s] Level 1:colcon.colcon_core.environment:checking '/home/feige/ROS2_src/install/messages/bin'
[2.327s] INFO:colcon.colcon_core.shell:Creating package descriptor '/home/feige/ROS2_src/install/messages/share/messages/package.dsv'
[2.329s] INFO:colcon.colcon_core.shell:Creating package script '/home/feige/ROS2_src/install/messages/share/messages/package.sh'
[2.331s] INFO:colcon.colcon_core.shell:Creating package script '/home/feige/ROS2_src/install/messages/share/messages/package.bash'
[2.334s] INFO:colcon.colcon_core.shell:Creating package script '/home/feige/ROS2_src/install/messages/share/messages/package.zsh'
[2.337s] Level 1:colcon.colcon_core.environment:create_file_with_runtime_dependencies(/home/feige/ROS2_src/install/messages/share/colcon-core/packages/messages)
[2.348s] DEBUG:colcon.colcon_parallel_executor.executor.parallel:closing loop
[2.349s] DEBUG:colcon.colcon_parallel_executor.executor.parallel:loop closed
[2.349s] DEBUG:colcon.colcon_parallel_executor.executor.parallel:run_until_complete finished with '1'
[2.350s] DEBUG:colcon.colcon_core.event_reactor:joining thread
[2.352s] DEBUG:colcon.colcon_core.event_reactor:joined thread
[2.353s] INFO:colcon.colcon_core.shell:Creating prefix script '/home/feige/ROS2_src/install/local_setup.sh'
[2.357s] INFO:colcon.colcon_core.shell:Creating prefix util module '/home/feige/ROS2_src/install/_local_setup_util_sh.py'
[2.364s] INFO:colcon.colcon_core.shell:Creating prefix chain script '/home/feige/ROS2_src/install/setup.sh'
[2.368s] INFO:colcon.colcon_core.shell:Creating prefix script '/home/feige/ROS2_src/install/local_setup.bash'
[2.370s] INFO:colcon.colcon_core.shell:Creating prefix chain script '/home/feige/ROS2_src/install/setup.bash'
[2.374s] INFO:colcon.colcon_core.shell:Creating prefix script '/home/feige/ROS2_src/install/local_setup.zsh'
[2.376s] INFO:colcon.colcon_core.shell:Creating prefix chain script '/home/feige/ROS2_src/install/setup.zsh'
