running egg_info
writing ../build/motor_motion/motor_motion.egg-info/PKG-INFO
writing dependency_links to ../build/motor_motion/motor_motion.egg-info/dependency_links.txt
writing entry points to ../build/motor_motion/motor_motion.egg-info/entry_points.txt
writing requirements to ../build/motor_motion/motor_motion.egg-info/requires.txt
writing top-level names to ../build/motor_motion/motor_motion.egg-info/top_level.txt
reading manifest file '../build/motor_motion/motor_motion.egg-info/SOURCES.txt'
adding license file 'LICENSE'
writing manifest file '../build/motor_motion/motor_motion.egg-info/SOURCES.txt'
running build
running build_py
running install
running install_lib
running install_data
running install_egg_info
removing '/home/feige/ROS2_src/install/motor_motion/lib/python3.12/site-packages/motor_motion-0.0.0-py3.12.egg-info' (and everything under it)
Copying ../build/motor_motion/motor_motion.egg-info to /home/feige/ROS2_src/install/motor_motion/lib/python3.12/site-packages/motor_motion-0.0.0-py3.12.egg-info
running install_scripts
Installing motor_pan script to /home/feige/ROS2_src/install/motor_motion/lib/motor_motion
Installing usb_camera script to /home/feige/ROS2_src/install/motor_motion/lib/motor_motion
writing list of installed files to '/home/feige/ROS2_src/build/motor_motion/install.log'
