-- Found ament_cmake: 2.5.6 (/opt/ros/jazzy/share/ament_cmake/cmake)
-- Found rosidl_default_generators: 1.6.0 (/opt/ros/jazzy/share/rosidl_default_generators/cmake)
-- Using all available rosidl_typesupport_c: rosidl_typesupport_fastrtps_c;rosidl_typesupport_introspection_c
-- Using all available rosidl_typesupport_cpp: rosidl_typesupport_fastrtps_cpp;rosidl_typesupport_introspection_cpp
-- Found rosidl_adapter: 4.6.7 (/opt/ros/jazzy/share/rosidl_adapter/cmake)
-- Found ament_cmake_ros: 0.12.0 (/opt/ros/jazzy/share/ament_cmake_ros/cmake)
-- Using all available rosidl_typesupport_c: rosidl_typesupport_fastrtps_c;rosidl_typesupport_introspection_c
-- Using all available rosidl_typesupport_cpp: rosidl_typesupport_fastrtps_cpp;rosidl_typesupport_introspection_cpp
-- Found python_cmake_module: 0.11.1 (/opt/ros/jazzy/share/python_cmake_module/cmake)
-- Found PythonExtra: /usr/bin/python3  
-- Found Python3: /usr/bin/python3 (found version "3.12.3") found components: Interpreter Development NumPy Development.Module Development.Embed 
-- Found Python3: /usr/bin/python3 (found version "3.12.3") found components: Interpreter 
-- Found ament_lint_auto: 0.17.5 (/opt/ros/jazzy/share/ament_lint_auto/cmake)
-- Added test 'lint_cmake' to check CMake code style
-- Added test 'xmllint' to check XML markup files
-- Configuring done (12.3s)
-- Generating done (0.2s)
-- Build files have been written to: /home/feige/ROS2_src/build/messages
[  2%] [34m[1mGenerating Rust code for ROS interfaces[0m
[  5%] [34m[1mGenerating type hashes for ROS interfaces[0m
[  5%] Built target ament_cmake_python_copy_messages
[  5%] Built target messages__rosidl_generator_type_description
[  8%] [34m[1mGenerating C code for ROS interfaces[0m
[ 11%] [34m[1mGenerating C++ code for ROS interfaces[0m
[ 11%] Built target messages__rs
running egg_info
creating messages.egg-info
writing messages.egg-info/PKG-INFO
writing dependency_links to messages.egg-info/dependency_links.txt
writing top-level names to messages.egg-info/top_level.txt
writing manifest file 'messages.egg-info/SOURCES.txt'
reading manifest file 'messages.egg-info/SOURCES.txt'
writing manifest file 'messages.egg-info/SOURCES.txt'
[ 11%] Built target ament_cmake_python_build_messages_egg
[ 11%] Built target messages__cpp
[ 14%] [32mBuilding C object CMakeFiles/messages__rosidl_generator_c.dir/rosidl_generator_c/messages/msg/detail/offset_px__functions.c.o[0m
[ 20%] [32mBuilding C object CMakeFiles/messages__rosidl_generator_c.dir/rosidl_generator_c/messages/msg/detail/offset_px__description.c.o[0m
[ 20%] [32mBuilding C object CMakeFiles/messages__rosidl_generator_c.dir/rosidl_generator_c/messages/msg/detail/offset_px__type_support.c.o[0m
[ 22%] [32m[1mLinking C shared library libmessages__rosidl_generator_c.so[0m
[ 22%] Built target messages__rosidl_generator_c
[ 25%] [34m[1mGenerating C++ introspection for ROS interfaces[0m
[ 28%] [34m[1mGenerating C type support for eProsima Fast-RTPS[0m
[ 31%] [34m[1mGenerating C introspection for ROS interfaces[0m
[ 34%] [34m[1mGenerating C++ type support dispatch for ROS interfaces[0m
[ 37%] [32mBuilding CXX object CMakeFiles/messages__rosidl_typesupport_cpp.dir/rosidl_typesupport_cpp/messages/msg/offset_px__type_support.cpp.o[0m
[ 40%] [32mBuilding C object CMakeFiles/messages__rosidl_typesupport_introspection_c.dir/rosidl_typesupport_introspection_c/messages/msg/detail/offset_px__type_support.c.o[0m
[ 42%] [32mBuilding CXX object CMakeFiles/messages__rosidl_typesupport_introspection_cpp.dir/rosidl_typesupport_introspection_cpp/messages/msg/detail/offset_px__type_support.cpp.o[0m
[ 45%] [32mBuilding CXX object CMakeFiles/messages__rosidl_typesupport_fastrtps_c.dir/rosidl_typesupport_fastrtps_c/messages/msg/detail/offset_px__type_support_c.cpp.o[0m
[ 48%] [32m[1mLinking C shared library libmessages__rosidl_typesupport_introspection_c.so[0m
[ 48%] Built target messages__rosidl_typesupport_introspection_c
[ 51%] [34m[1mGenerating C type support dispatch for ROS interfaces[0m
[ 54%] [32mBuilding CXX object CMakeFiles/messages__rosidl_typesupport_c.dir/rosidl_typesupport_c/messages/msg/offset_px__type_support.cpp.o[0m
[ 57%] [32m[1mLinking CXX shared library libmessages__rosidl_typesupport_cpp.so[0m
[ 60%] [32m[1mLinking CXX shared library libmessages__rosidl_typesupport_introspection_cpp.so[0m
[ 62%] [32m[1mLinking CXX shared library libmessages__rosidl_typesupport_c.so[0m
[ 62%] Built target messages__rosidl_typesupport_cpp
[ 65%] [34m[1mGenerating C++ type support for eProsima Fast-RTPS[0m
[ 62%] Built target messages__rosidl_typesupport_introspection_cpp
[ 65%] Built target messages__rosidl_typesupport_c
[ 68%] [32m[1mLinking CXX shared library libmessages__rosidl_typesupport_fastrtps_c.so[0m
[ 68%] Built target messages__rosidl_typesupport_fastrtps_c
[ 71%] [32mBuilding CXX object CMakeFiles/messages__rosidl_typesupport_fastrtps_cpp.dir/rosidl_typesupport_fastrtps_cpp/messages/msg/detail/dds_fastrtps/offset_px__type_support.cpp.o[0m
[ 74%] [32m[1mLinking CXX shared library libmessages__rosidl_typesupport_fastrtps_cpp.so[0m
[ 74%] Built target messages__rosidl_typesupport_fastrtps_cpp
[ 74%] Built target messages
[ 77%] [34m[1mGenerating Python code for ROS interfaces[0m
[ 77%] Built target messages__py
[ 80%] [32mBuilding C object CMakeFiles/messages__rosidl_generator_py.dir/rosidl_generator_py/messages/msg/_offset_px_s.c.o[0m
[ 82%] [32m[1mLinking C shared library libmessages__rosidl_generator_py.so[0m
[ 82%] Built target messages__rosidl_generator_py
[ 85%] [32mBuilding C object CMakeFiles/messages_s__rosidl_typesupport_fastrtps_c.dir/rosidl_generator_py/messages/_messages_s.ep.rosidl_typesupport_fastrtps_c.c.o[0m
[ 88%] [32mBuilding C object CMakeFiles/messages_s__rosidl_typesupport_introspection_c.dir/rosidl_generator_py/messages/_messages_s.ep.rosidl_typesupport_introspection_c.c.o[0m
[ 91%] [32mBuilding C object CMakeFiles/messages_s__rosidl_typesupport_c.dir/rosidl_generator_py/messages/_messages_s.ep.rosidl_typesupport_c.c.o[0m
[ 94%] [32m[1mLinking C shared module rosidl_generator_py/messages/messages_s__rosidl_typesupport_c.so[0m
[ 97%] [32m[1mLinking C shared module rosidl_generator_py/messages/messages_s__rosidl_typesupport_introspection_c.so[0m
[100%] [32m[1mLinking C shared module rosidl_generator_py/messages/messages_s__rosidl_typesupport_fastrtps_c.so[0m
[100%] Built target messages_s__rosidl_typesupport_c
[100%] Built target messages_s__rosidl_typesupport_introspection_c
[100%] Built target messages_s__rosidl_typesupport_fastrtps_c
-- Install configuration: ""
-- Installing: /home/feige/ROS2_src/install/messages/share/ament_index/resource_index/rosidl_interfaces/messages
-- Installing: /home/feige/ROS2_src/install/messages/share/messages/msg/OffsetPX.json
-- Installing: /home/feige/ROS2_src/install/messages/include/messages/messages
-- Installing: /home/feige/ROS2_src/install/messages/include/messages/messages/msg
-- Installing: /home/feige/ROS2_src/install/messages/include/messages/messages/msg/offset_px.h
-- Installing: /home/feige/ROS2_src/install/messages/include/messages/messages/msg/detail
-- Installing: /home/feige/ROS2_src/install/messages/include/messages/messages/msg/detail/offset_px__description.c
-- Installing: /home/feige/ROS2_src/install/messages/include/messages/messages/msg/detail/offset_px__struct.h
-- Installing: /home/feige/ROS2_src/install/messages/include/messages/messages/msg/detail/offset_px__functions.c
-- Installing: /home/feige/ROS2_src/install/messages/include/messages/messages/msg/detail/offset_px__functions.h
-- Installing: /home/feige/ROS2_src/install/messages/include/messages/messages/msg/detail/offset_px__type_support.h
-- Installing: /home/feige/ROS2_src/install/messages/include/messages/messages/msg/detail/offset_px__type_support.c
-- Installing: /home/feige/ROS2_src/install/messages/include/messages/messages/msg/rosidl_generator_c__visibility_control.h
-- Installing: /home/feige/ROS2_src/install/messages/share/messages/environment/library_path.sh
-- Installing: /home/feige/ROS2_src/install/messages/share/messages/environment/library_path.dsv
-- Installing: /home/feige/ROS2_src/install/messages/lib/libmessages__rosidl_generator_c.so
-- Set non-toolchain portion of runtime path of "/home/feige/ROS2_src/install/messages/lib/libmessages__rosidl_generator_c.so" to ""
-- Up-to-date: /home/feige/ROS2_src/install/messages/include/messages/messages
-- Up-to-date: /home/feige/ROS2_src/install/messages/include/messages/messages/msg
-- Up-to-date: /home/feige/ROS2_src/install/messages/include/messages/messages/msg/detail
-- Installing: /home/feige/ROS2_src/install/messages/include/messages/messages/msg/detail/offset_px__rosidl_typesupport_fastrtps_c.h
-- Installing: /home/feige/ROS2_src/install/messages/include/messages/messages/msg/rosidl_typesupport_fastrtps_c__visibility_control.h
-- Installing: /home/feige/ROS2_src/install/messages/lib/libmessages__rosidl_typesupport_fastrtps_c.so
-- Set non-toolchain portion of runtime path of "/home/feige/ROS2_src/install/messages/lib/libmessages__rosidl_typesupport_fastrtps_c.so" to ""
-- Up-to-date: /home/feige/ROS2_src/install/messages/include/messages/messages
-- Up-to-date: /home/feige/ROS2_src/install/messages/include/messages/messages/msg
-- Installing: /home/feige/ROS2_src/install/messages/include/messages/messages/msg/rosidl_typesupport_introspection_c__visibility_control.h
-- Up-to-date: /home/feige/ROS2_src/install/messages/include/messages/messages/msg/detail
-- Installing: /home/feige/ROS2_src/install/messages/include/messages/messages/msg/detail/offset_px__rosidl_typesupport_introspection_c.h
-- Installing: /home/feige/ROS2_src/install/messages/include/messages/messages/msg/detail/offset_px__type_support.c
-- Installing: /home/feige/ROS2_src/install/messages/lib/libmessages__rosidl_typesupport_introspection_c.so
-- Set non-toolchain portion of runtime path of "/home/feige/ROS2_src/install/messages/lib/libmessages__rosidl_typesupport_introspection_c.so" to ""
-- Installing: /home/feige/ROS2_src/install/messages/lib/libmessages__rosidl_typesupport_c.so
-- Set non-toolchain portion of runtime path of "/home/feige/ROS2_src/install/messages/lib/libmessages__rosidl_typesupport_c.so" to ""
-- Up-to-date: /home/feige/ROS2_src/install/messages/include/messages/messages
-- Up-to-date: /home/feige/ROS2_src/install/messages/include/messages/messages/msg
-- Installing: /home/feige/ROS2_src/install/messages/include/messages/messages/msg/offset_px.hpp
-- Installing: /home/feige/ROS2_src/install/messages/include/messages/messages/msg/rosidl_generator_cpp__visibility_control.hpp
-- Up-to-date: /home/feige/ROS2_src/install/messages/include/messages/messages/msg/detail
-- Installing: /home/feige/ROS2_src/install/messages/include/messages/messages/msg/detail/offset_px__type_support.hpp
-- Installing: /home/feige/ROS2_src/install/messages/include/messages/messages/msg/detail/offset_px__traits.hpp
-- Installing: /home/feige/ROS2_src/install/messages/include/messages/messages/msg/detail/offset_px__builder.hpp
-- Installing: /home/feige/ROS2_src/install/messages/include/messages/messages/msg/detail/offset_px__struct.hpp
-- Up-to-date: /home/feige/ROS2_src/install/messages/include/messages/messages
-- Up-to-date: /home/feige/ROS2_src/install/messages/include/messages/messages/msg
-- Installing: /home/feige/ROS2_src/install/messages/include/messages/messages/msg/rosidl_typesupport_fastrtps_cpp__visibility_control.h
-- Up-to-date: /home/feige/ROS2_src/install/messages/include/messages/messages/msg/detail
-- Installing: /home/feige/ROS2_src/install/messages/include/messages/messages/msg/detail/dds_fastrtps
-- Installing: /home/feige/ROS2_src/install/messages/include/messages/messages/msg/detail/offset_px__rosidl_typesupport_fastrtps_cpp.hpp
-- Installing: /home/feige/ROS2_src/install/messages/lib/libmessages__rosidl_typesupport_fastrtps_cpp.so
-- Set non-toolchain portion of runtime path of "/home/feige/ROS2_src/install/messages/lib/libmessages__rosidl_typesupport_fastrtps_cpp.so" to ""
-- Up-to-date: /home/feige/ROS2_src/install/messages/include/messages/messages
-- Up-to-date: /home/feige/ROS2_src/install/messages/include/messages/messages/msg
-- Up-to-date: /home/feige/ROS2_src/install/messages/include/messages/messages/msg/detail
-- Installing: /home/feige/ROS2_src/install/messages/include/messages/messages/msg/detail/offset_px__type_support.cpp
-- Installing: /home/feige/ROS2_src/install/messages/include/messages/messages/msg/detail/offset_px__rosidl_typesupport_introspection_cpp.hpp
-- Installing: /home/feige/ROS2_src/install/messages/lib/libmessages__rosidl_typesupport_introspection_cpp.so
-- Set non-toolchain portion of runtime path of "/home/feige/ROS2_src/install/messages/lib/libmessages__rosidl_typesupport_introspection_cpp.so" to ""
-- Installing: /home/feige/ROS2_src/install/messages/lib/libmessages__rosidl_typesupport_cpp.so
-- Set non-toolchain portion of runtime path of "/home/feige/ROS2_src/install/messages/lib/libmessages__rosidl_typesupport_cpp.so" to ""
-- Installing: /home/feige/ROS2_src/install/messages/share/messages/environment/pythonpath.sh
-- Installing: /home/feige/ROS2_src/install/messages/share/messages/environment/pythonpath.dsv
-- Installing: /home/feige/ROS2_src/install/messages/lib/python3.12/site-packages/messages-0.0.0-py3.12.egg-info
-- Installing: /home/feige/ROS2_src/install/messages/lib/python3.12/site-packages/messages-0.0.0-py3.12.egg-info/dependency_links.txt
-- Installing: /home/feige/ROS2_src/install/messages/lib/python3.12/site-packages/messages-0.0.0-py3.12.egg-info/SOURCES.txt
-- Installing: /home/feige/ROS2_src/install/messages/lib/python3.12/site-packages/messages-0.0.0-py3.12.egg-info/top_level.txt
-- Installing: /home/feige/ROS2_src/install/messages/lib/python3.12/site-packages/messages-0.0.0-py3.12.egg-info/PKG-INFO
-- Installing: /home/feige/ROS2_src/install/messages/lib/python3.12/site-packages/messages
-- Installing: /home/feige/ROS2_src/install/messages/lib/python3.12/site-packages/messages/_messages_s.ep.rosidl_typesupport_introspection_c.c
-- Installing: /home/feige/ROS2_src/install/messages/lib/python3.12/site-packages/messages/msg
-- Installing: /home/feige/ROS2_src/install/messages/lib/python3.12/site-packages/messages/msg/__init__.py
-- Installing: /home/feige/ROS2_src/install/messages/lib/python3.12/site-packages/messages/msg/_offset_px_s.c
-- Installing: /home/feige/ROS2_src/install/messages/lib/python3.12/site-packages/messages/msg/_offset_px.py
-- Installing: /home/feige/ROS2_src/install/messages/lib/python3.12/site-packages/messages/_messages_s.ep.rosidl_typesupport_c.c
-- Installing: /home/feige/ROS2_src/install/messages/lib/python3.12/site-packages/messages/__init__.py
-- Installing: /home/feige/ROS2_src/install/messages/lib/python3.12/site-packages/messages/messages_s__rosidl_typesupport_fastrtps_c.so
-- Installing: /home/feige/ROS2_src/install/messages/lib/python3.12/site-packages/messages/messages_s__rosidl_typesupport_c.so
-- Installing: /home/feige/ROS2_src/install/messages/lib/python3.12/site-packages/messages/messages_s__rosidl_typesupport_introspection_c.so
-- Installing: /home/feige/ROS2_src/install/messages/lib/python3.12/site-packages/messages/_messages_s.ep.rosidl_typesupport_fastrtps_c.c
Listing '/home/feige/ROS2_src/install/messages/lib/python3.12/site-packages/messages'...
Compiling '/home/feige/ROS2_src/install/messages/lib/python3.12/site-packages/messages/__init__.py'...
Listing '/home/feige/ROS2_src/install/messages/lib/python3.12/site-packages/messages/msg'...
Compiling '/home/feige/ROS2_src/install/messages/lib/python3.12/site-packages/messages/msg/__init__.py'...
Compiling '/home/feige/ROS2_src/install/messages/lib/python3.12/site-packages/messages/msg/_offset_px.py'...
-- Installing: /home/feige/ROS2_src/install/messages/lib/python3.12/site-packages/messages/messages_s__rosidl_typesupport_fastrtps_c.so
-- Set non-toolchain portion of runtime path of "/home/feige/ROS2_src/install/messages/lib/python3.12/site-packages/messages/messages_s__rosidl_typesupport_fastrtps_c.so" to ""
-- Installing: /home/feige/ROS2_src/install/messages/lib/python3.12/site-packages/messages/messages_s__rosidl_typesupport_introspection_c.so
-- Set non-toolchain portion of runtime path of "/home/feige/ROS2_src/install/messages/lib/python3.12/site-packages/messages/messages_s__rosidl_typesupport_introspection_c.so" to ""
-- Installing: /home/feige/ROS2_src/install/messages/lib/python3.12/site-packages/messages/messages_s__rosidl_typesupport_c.so
-- Set non-toolchain portion of runtime path of "/home/feige/ROS2_src/install/messages/lib/python3.12/site-packages/messages/messages_s__rosidl_typesupport_c.so" to ""
-- Installing: /home/feige/ROS2_src/install/messages/lib/libmessages__rosidl_generator_py.so
-- Set non-toolchain portion of runtime path of "/home/feige/ROS2_src/install/messages/lib/libmessages__rosidl_generator_py.so" to ""
-- Installing: /home/feige/ROS2_src/install/messages/share/ament_index/resource_index/rust_packages/messages
-- Installing: /home/feige/ROS2_src/install/messages/share/messages/rust
-- Installing: /home/feige/ROS2_src/install/messages/share/messages/rust/src
-- Installing: /home/feige/ROS2_src/install/messages/share/messages/rust/src/msg
-- Installing: /home/feige/ROS2_src/install/messages/share/messages/rust/src/msg/rmw.rs
-- Installing: /home/feige/ROS2_src/install/messages/share/messages/rust/src/msg.rs
-- Installing: /home/feige/ROS2_src/install/messages/share/messages/rust/src/lib.rs
-- Installing: /home/feige/ROS2_src/install/messages/share/messages/rust/build.rs
-- Installing: /home/feige/ROS2_src/install/messages/share/messages/rust/Cargo.toml
-- Installing: /home/feige/ROS2_src/install/messages/share/messages/msg/OffsetPX.idl
-- Installing: /home/feige/ROS2_src/install/messages/share/messages/msg/OffsetPX.msg
-- Installing: /home/feige/ROS2_src/install/messages/share/ament_index/resource_index/package_run_dependencies/messages
-- Installing: /home/feige/ROS2_src/install/messages/share/ament_index/resource_index/parent_prefix_path/messages
-- Installing: /home/feige/ROS2_src/install/messages/share/messages/environment/ament_prefix_path.sh
-- Installing: /home/feige/ROS2_src/install/messages/share/messages/environment/ament_prefix_path.dsv
-- Installing: /home/feige/ROS2_src/install/messages/share/messages/environment/path.sh
-- Installing: /home/feige/ROS2_src/install/messages/share/messages/environment/path.dsv
-- Installing: /home/feige/ROS2_src/install/messages/share/messages/local_setup.bash
-- Installing: /home/feige/ROS2_src/install/messages/share/messages/local_setup.sh
-- Installing: /home/feige/ROS2_src/install/messages/share/messages/local_setup.zsh
-- Installing: /home/feige/ROS2_src/install/messages/share/messages/local_setup.dsv
-- Installing: /home/feige/ROS2_src/install/messages/share/messages/package.dsv
-- Installing: /home/feige/ROS2_src/install/messages/share/ament_index/resource_index/packages/messages
-- Installing: /home/feige/ROS2_src/install/messages/share/messages/cmake/export_messages__rosidl_generator_cExport.cmake
-- Installing: /home/feige/ROS2_src/install/messages/share/messages/cmake/export_messages__rosidl_generator_cExport-noconfig.cmake
-- Installing: /home/feige/ROS2_src/install/messages/share/messages/cmake/export_messages__rosidl_typesupport_fastrtps_cExport.cmake
-- Installing: /home/feige/ROS2_src/install/messages/share/messages/cmake/export_messages__rosidl_typesupport_fastrtps_cExport-noconfig.cmake
-- Installing: /home/feige/ROS2_src/install/messages/share/messages/cmake/messages__rosidl_typesupport_introspection_cExport.cmake
-- Installing: /home/feige/ROS2_src/install/messages/share/messages/cmake/messages__rosidl_typesupport_introspection_cExport-noconfig.cmake
-- Installing: /home/feige/ROS2_src/install/messages/share/messages/cmake/messages__rosidl_typesupport_cExport.cmake
-- Installing: /home/feige/ROS2_src/install/messages/share/messages/cmake/messages__rosidl_typesupport_cExport-noconfig.cmake
-- Installing: /home/feige/ROS2_src/install/messages/share/messages/cmake/export_messages__rosidl_generator_cppExport.cmake
-- Installing: /home/feige/ROS2_src/install/messages/share/messages/cmake/export_messages__rosidl_typesupport_fastrtps_cppExport.cmake
-- Installing: /home/feige/ROS2_src/install/messages/share/messages/cmake/export_messages__rosidl_typesupport_fastrtps_cppExport-noconfig.cmake
-- Installing: /home/feige/ROS2_src/install/messages/share/messages/cmake/messages__rosidl_typesupport_introspection_cppExport.cmake
-- Installing: /home/feige/ROS2_src/install/messages/share/messages/cmake/messages__rosidl_typesupport_introspection_cppExport-noconfig.cmake
-- Installing: /home/feige/ROS2_src/install/messages/share/messages/cmake/messages__rosidl_typesupport_cppExport.cmake
-- Installing: /home/feige/ROS2_src/install/messages/share/messages/cmake/messages__rosidl_typesupport_cppExport-noconfig.cmake
-- Installing: /home/feige/ROS2_src/install/messages/share/messages/cmake/export_messages__rosidl_generator_pyExport.cmake
-- Installing: /home/feige/ROS2_src/install/messages/share/messages/cmake/export_messages__rosidl_generator_pyExport-noconfig.cmake
-- Installing: /home/feige/ROS2_src/install/messages/share/messages/cmake/rosidl_cmake-extras.cmake
-- Installing: /home/feige/ROS2_src/install/messages/share/messages/cmake/ament_cmake_export_include_directories-extras.cmake
-- Installing: /home/feige/ROS2_src/install/messages/share/messages/cmake/ament_cmake_export_libraries-extras.cmake
-- Installing: /home/feige/ROS2_src/install/messages/share/messages/cmake/ament_cmake_export_targets-extras.cmake
-- Installing: /home/feige/ROS2_src/install/messages/share/messages/cmake/rosidl_cmake_export_typesupport_targets-extras.cmake
-- Installing: /home/feige/ROS2_src/install/messages/share/messages/cmake/ament_cmake_export_dependencies-extras.cmake
-- Installing: /home/feige/ROS2_src/install/messages/share/messages/cmake/rosidl_cmake_export_typesupport_libraries-extras.cmake
-- Installing: /home/feige/ROS2_src/install/messages/share/messages/cmake/messagesConfig.cmake
-- Installing: /home/feige/ROS2_src/install/messages/share/messages/cmake/messagesConfig-version.cmake
-- Installing: /home/feige/ROS2_src/install/messages/share/messages/package.xml
