[0.469s] DEBUG:colcon:Command line arguments: ['/usr/bin/colcon', 'build']
[0.470s] DEBUG:colcon:Parsed command line arguments: Namespace(log_base=None, log_level=None, verb_name='build', build_base='build', install_base='install', merge_install=False, symlink_install=False, test_result_base=None, continue_on_error=False, executor='parallel', parallel_workers=4, event_handlers=None, ignore_user_meta=False, metas=['./colcon.meta'], base_paths=['.'], packages_ignore=None, packages_ignore_regex=None, paths=None, packages_up_to=None, packages_up_to_regex=None, packages_above=None, packages_above_and_dependencies=None, packages_above_depth=None, packages_select_by_dep=None, packages_skip_by_dep=None, packages_skip_up_to=None, packages_select_build_failed=False, packages_skip_build_finished=False, packages_select_test_failures=False, packages_skip_test_passed=False, packages_select=None, packages_skip=None, packages_select_regex=None, packages_skip_regex=None, packages_start=None, packages_end=None, cmake_args=None, cmake_target=None, cmake_target_skip_unavailable=False, cmake_clean_cache=False, cmake_clean_first=False, cmake_force_configure=False, ament_cmake_args=None, catkin_cmake_args=None, catkin_skip_building_tests=False, verb_parser=<colcon_defaults.argument_parser.defaults.DefaultArgumentsDecorator object at 0xffff9346e810>, verb_extension=<colcon_core.verb.build.BuildVerb object at 0xffff935eaa80>, main=<bound method BuildVerb.main of <colcon_core.verb.build.BuildVerb object at 0xffff935eaa80>>)
[0.763s] Level 1:colcon.colcon_core.package_discovery:discover_packages(colcon_meta) check parameters
[0.764s] Level 1:colcon.colcon_core.package_discovery:discover_packages(recursive) check parameters
[0.764s] Level 1:colcon.colcon_core.package_discovery:discover_packages(ignore) check parameters
[0.764s] Level 1:colcon.colcon_core.package_discovery:discover_packages(path) check parameters
[0.764s] Level 1:colcon.colcon_core.package_discovery:discover_packages(colcon_meta) discover
[0.764s] Level 1:colcon.colcon_core.package_discovery:discover_packages(recursive) discover
[0.764s] INFO:colcon.colcon_core.package_discovery:Crawling recursively for packages in '/home/feige/ROS2_src'
[0.765s] Level 1:colcon.colcon_core.package_identification:_identify(.) by extensions ['ignore', 'ignore_ament_install']
[0.765s] Level 1:colcon.colcon_core.package_identification:_identify(.) by extension 'ignore'
[0.766s] Level 1:colcon.colcon_core.package_identification:_identify(.) by extension 'ignore_ament_install'
[0.766s] Level 1:colcon.colcon_core.package_identification:_identify(.) by extensions ['colcon_pkg']
[0.766s] Level 1:colcon.colcon_core.package_identification:_identify(.) by extension 'colcon_pkg'
[0.766s] Level 1:colcon.colcon_core.package_identification:_identify(.) by extensions ['colcon_meta']
[0.766s] Level 1:colcon.colcon_core.package_identification:_identify(.) by extension 'colcon_meta'
[0.766s] Level 1:colcon.colcon_core.package_identification:_identify(.) by extensions ['ros']
[0.766s] Level 1:colcon.colcon_core.package_identification:_identify(.) by extension 'ros'
[0.868s] Level 1:colcon.colcon_core.package_identification:_identify(.) by extensions ['cmake', 'python']
[0.869s] Level 1:colcon.colcon_core.package_identification:_identify(.) by extension 'cmake'
[0.869s] Level 1:colcon.colcon_core.package_identification:_identify(.) by extension 'python'
[0.869s] Level 1:colcon.colcon_core.package_identification:_identify(.) by extensions ['python_setup_py']
[0.869s] Level 1:colcon.colcon_core.package_identification:_identify(.) by extension 'python_setup_py'
[0.870s] Level 1:colcon.colcon_core.package_identification:_identify(build) by extensions ['ignore', 'ignore_ament_install']
[0.870s] Level 1:colcon.colcon_core.package_identification:_identify(build) by extension 'ignore'
[0.870s] Level 1:colcon.colcon_core.package_identification:_identify(build) ignored
[0.871s] Level 1:colcon.colcon_core.package_identification:_identify(install) by extensions ['ignore', 'ignore_ament_install']
[0.871s] Level 1:colcon.colcon_core.package_identification:_identify(install) by extension 'ignore'
[0.871s] Level 1:colcon.colcon_core.package_identification:_identify(install) ignored
[0.872s] Level 1:colcon.colcon_core.package_identification:_identify(log) by extensions ['ignore', 'ignore_ament_install']
[0.872s] Level 1:colcon.colcon_core.package_identification:_identify(log) by extension 'ignore'
[0.872s] Level 1:colcon.colcon_core.package_identification:_identify(log) ignored
[0.872s] Level 1:colcon.colcon_core.package_identification:_identify(motor_motion) by extensions ['ignore', 'ignore_ament_install']
[0.873s] Level 1:colcon.colcon_core.package_identification:_identify(motor_motion) by extension 'ignore'
[0.873s] Level 1:colcon.colcon_core.package_identification:_identify(motor_motion) by extension 'ignore_ament_install'
[0.873s] Level 1:colcon.colcon_core.package_identification:_identify(motor_motion) by extensions ['colcon_pkg']
[0.873s] Level 1:colcon.colcon_core.package_identification:_identify(motor_motion) by extension 'colcon_pkg'
[0.873s] Level 1:colcon.colcon_core.package_identification:_identify(motor_motion) by extensions ['colcon_meta']
[0.874s] Level 1:colcon.colcon_core.package_identification:_identify(motor_motion) by extension 'colcon_meta'
[0.874s] Level 1:colcon.colcon_core.package_identification:_identify(motor_motion) by extensions ['ros']
[0.874s] Level 1:colcon.colcon_core.package_identification:_identify(motor_motion) by extension 'ros'
[0.890s] DEBUG:colcon.colcon_core.package_identification:Package 'motor_motion' with type 'ros.ament_python' and name 'motor_motion'
[0.890s] Level 1:colcon.colcon_core.package_discovery:discover_packages(recursive) using defaults
[0.890s] Level 1:colcon.colcon_core.package_discovery:discover_packages(ignore) discover
[0.890s] Level 1:colcon.colcon_core.package_discovery:discover_packages(ignore) using defaults
[0.890s] Level 1:colcon.colcon_core.package_discovery:discover_packages(path) discover
[0.890s] Level 1:colcon.colcon_core.package_discovery:discover_packages(path) using defaults
[0.990s] Level 5:colcon.colcon_core.verb:set package 'motor_motion' build argument 'cmake_args' from command line to 'None'
[0.990s] Level 5:colcon.colcon_core.verb:set package 'motor_motion' build argument 'cmake_target' from command line to 'None'
[0.990s] Level 5:colcon.colcon_core.verb:set package 'motor_motion' build argument 'cmake_target_skip_unavailable' from command line to 'False'
[0.990s] Level 5:colcon.colcon_core.verb:set package 'motor_motion' build argument 'cmake_clean_cache' from command line to 'False'
[0.990s] Level 5:colcon.colcon_core.verb:set package 'motor_motion' build argument 'cmake_clean_first' from command line to 'False'
[0.990s] Level 5:colcon.colcon_core.verb:set package 'motor_motion' build argument 'cmake_force_configure' from command line to 'False'
[0.991s] Level 5:colcon.colcon_core.verb:set package 'motor_motion' build argument 'ament_cmake_args' from command line to 'None'
[0.991s] Level 5:colcon.colcon_core.verb:set package 'motor_motion' build argument 'catkin_cmake_args' from command line to 'None'
[0.991s] Level 5:colcon.colcon_core.verb:set package 'motor_motion' build argument 'catkin_skip_building_tests' from command line to 'False'
[0.991s] DEBUG:colcon.colcon_core.verb:Building package 'motor_motion' with the following arguments: {'ament_cmake_args': None, 'build_base': '/home/feige/ROS2_src/build/motor_motion', 'catkin_cmake_args': None, 'catkin_skip_building_tests': False, 'cmake_args': None, 'cmake_clean_cache': False, 'cmake_clean_first': False, 'cmake_force_configure': False, 'cmake_target': None, 'cmake_target_skip_unavailable': False, 'install_base': '/home/feige/ROS2_src/install/motor_motion', 'merge_install': False, 'path': '/home/feige/ROS2_src/motor_motion', 'symlink_install': False, 'test_result_base': None}
[0.991s] INFO:colcon.colcon_core.executor:Executing jobs using 'parallel' executor
[0.995s] DEBUG:colcon.colcon_parallel_executor.executor.parallel:run_until_complete
[0.995s] INFO:colcon.colcon_ros.task.ament_python.build:Building ROS package in '/home/feige/ROS2_src/motor_motion' with build type 'ament_python'
[0.996s] Level 1:colcon.colcon_core.shell:create_environment_hook('motor_motion', 'ament_prefix_path')
[1.005s] INFO:colcon.colcon_core.plugin_system:Skipping extension 'colcon_core.shell.bat': Not used on non-Windows systems
[1.006s] INFO:colcon.colcon_core.shell:Creating environment descriptor '/home/feige/ROS2_src/install/motor_motion/share/motor_motion/hook/ament_prefix_path.dsv'
[1.009s] INFO:colcon.colcon_core.shell:Creating environment hook '/home/feige/ROS2_src/install/motor_motion/share/motor_motion/hook/ament_prefix_path.sh'
[1.012s] DEBUG:colcon.colcon_core.shell:Skip shell extension 'dsv' for command environment
[1.878s] INFO:colcon.colcon_core.task.python.build:Building Python package in '/home/feige/ROS2_src/motor_motion'
[1.879s] DEBUG:colcon.colcon_core.shell:Skip shell extension 'dsv' for command environment
[5.099s] DEBUG:colcon.colcon_core.event_handler.log_command:Invoking command in '/home/feige/ROS2_src/motor_motion': PYTHONPATH=/home/feige/ROS2_src/build/motor_motion/prefix_override:/usr/lib/python3/dist-packages/colcon_core/task/python/colcon_distutils_commands:/home/feige/ROS2_src/install/motor_motion/lib/python3.12/site-packages:${PYTHONPATH} /usr/bin/python3 -W ignore:setup.py install is deprecated -W ignore:easy_install command is deprecated setup.py egg_info --egg-base ../build/motor_motion build --build-base /home/feige/ROS2_src/build/motor_motion/build install --record /home/feige/ROS2_src/build/motor_motion/install.log --single-version-externally-managed install_data
[7.111s] DEBUG:colcon.colcon_core.event_handler.log_command:Invoked command in '/home/feige/ROS2_src/motor_motion' returned '0': PYTHONPATH=/home/feige/ROS2_src/build/motor_motion/prefix_override:/usr/lib/python3/dist-packages/colcon_core/task/python/colcon_distutils_commands:/home/feige/ROS2_src/install/motor_motion/lib/python3.12/site-packages:${PYTHONPATH} /usr/bin/python3 -W ignore:setup.py install is deprecated -W ignore:easy_install command is deprecated setup.py egg_info --egg-base ../build/motor_motion build --build-base /home/feige/ROS2_src/build/motor_motion/build install --record /home/feige/ROS2_src/build/motor_motion/install.log --single-version-externally-managed install_data
[7.122s] Level 1:colcon.colcon_core.environment:checking '/home/feige/ROS2_src/install/motor_motion' for CMake module files
[7.124s] Level 1:colcon.colcon_core.environment:checking '/home/feige/ROS2_src/install/motor_motion' for CMake config files
[7.127s] Level 1:colcon.colcon_core.environment:checking '/home/feige/ROS2_src/install/motor_motion/lib'
[7.128s] Level 1:colcon.colcon_core.environment:checking '/home/feige/ROS2_src/install/motor_motion/bin'
[7.129s] Level 1:colcon.colcon_core.environment:checking '/home/feige/ROS2_src/install/motor_motion/lib/pkgconfig/motor_motion.pc'
[7.129s] Level 1:colcon.colcon_core.environment:checking '/home/feige/ROS2_src/install/motor_motion/lib/python3.12/site-packages'
[7.130s] Level 1:colcon.colcon_core.shell:create_environment_hook('motor_motion', 'pythonpath')
[7.131s] INFO:colcon.colcon_core.shell:Creating environment descriptor '/home/feige/ROS2_src/install/motor_motion/share/motor_motion/hook/pythonpath.dsv'
[7.132s] INFO:colcon.colcon_core.shell:Creating environment hook '/home/feige/ROS2_src/install/motor_motion/share/motor_motion/hook/pythonpath.sh'
[7.135s] Level 1:colcon.colcon_core.environment:checking '/home/feige/ROS2_src/install/motor_motion/bin'
[7.135s] Level 1:colcon.colcon_core.environment:create_environment_scripts_only(motor_motion)
[7.136s] INFO:colcon.colcon_core.shell:Creating package descriptor '/home/feige/ROS2_src/install/motor_motion/share/motor_motion/package.dsv'
[7.138s] INFO:colcon.colcon_core.shell:Creating package script '/home/feige/ROS2_src/install/motor_motion/share/motor_motion/package.sh'
[7.141s] INFO:colcon.colcon_core.shell:Creating package script '/home/feige/ROS2_src/install/motor_motion/share/motor_motion/package.bash'
[7.143s] INFO:colcon.colcon_core.shell:Creating package script '/home/feige/ROS2_src/install/motor_motion/share/motor_motion/package.zsh'
[7.145s] Level 1:colcon.colcon_core.environment:create_file_with_runtime_dependencies(/home/feige/ROS2_src/install/motor_motion/share/colcon-core/packages/motor_motion)
[7.147s] DEBUG:colcon.colcon_parallel_executor.executor.parallel:closing loop
[7.148s] DEBUG:colcon.colcon_parallel_executor.executor.parallel:loop closed
[7.149s] DEBUG:colcon.colcon_parallel_executor.executor.parallel:run_until_complete finished with '0'
[7.149s] DEBUG:colcon.colcon_core.event_reactor:joining thread
[7.150s] DEBUG:colcon.colcon_core.event_reactor:joined thread
[7.151s] INFO:colcon.colcon_core.shell:Creating prefix script '/home/feige/ROS2_src/install/local_setup.sh'
[7.153s] INFO:colcon.colcon_core.shell:Creating prefix util module '/home/feige/ROS2_src/install/_local_setup_util_sh.py'
[7.158s] INFO:colcon.colcon_core.shell:Creating prefix chain script '/home/feige/ROS2_src/install/setup.sh'
[7.161s] INFO:colcon.colcon_core.shell:Creating prefix script '/home/feige/ROS2_src/install/local_setup.bash'
[7.163s] INFO:colcon.colcon_core.shell:Creating prefix chain script '/home/feige/ROS2_src/install/setup.bash'
[7.166s] INFO:colcon.colcon_core.shell:Creating prefix script '/home/feige/ROS2_src/install/local_setup.zsh'
[7.168s] INFO:colcon.colcon_core.shell:Creating prefix chain script '/home/feige/ROS2_src/install/setup.zsh'
