[0.416s] DEBUG:colcon:Command line arguments: ['/usr/bin/colcon', 'build', '--packages-select', 'motor_motion']
[0.416s] DEBUG:colcon:Parsed command line arguments: Namespace(log_base=None, log_level=None, verb_name='build', build_base='build', install_base='install', merge_install=False, symlink_install=False, test_result_base=None, continue_on_error=False, executor='parallel', parallel_workers=4, event_handlers=None, ignore_user_meta=False, metas=['./colcon.meta'], base_paths=['.'], packages_ignore=None, packages_ignore_regex=None, paths=None, packages_up_to=None, packages_up_to_regex=None, packages_above=None, packages_above_and_dependencies=None, packages_above_depth=None, packages_select_by_dep=None, packages_skip_by_dep=None, packages_skip_up_to=None, packages_select_build_failed=False, packages_skip_build_finished=False, packages_select_test_failures=False, packages_skip_test_passed=False, packages_select=['motor_motion'], packages_skip=None, packages_select_regex=None, packages_skip_regex=None, packages_start=None, packages_end=None, cmake_args=None, cmake_target=None, cmake_target_skip_unavailable=False, cmake_clean_cache=False, cmake_clean_first=False, cmake_force_configure=False, ament_cmake_args=None, catkin_cmake_args=None, catkin_skip_building_tests=False, verb_parser=<colcon_defaults.argument_parser.defaults.DefaultArgumentsDecorator object at 0xffff7edd2a50>, verb_extension=<colcon_core.verb.build.BuildVerb object at 0xffff7ecf3470>, main=<bound method BuildVerb.main of <colcon_core.verb.build.BuildVerb object at 0xffff7ecf3470>>)
[0.588s] Level 1:colcon.colcon_core.package_discovery:discover_packages(colcon_meta) check parameters
[0.589s] Level 1:colcon.colcon_core.package_discovery:discover_packages(recursive) check parameters
[0.589s] Level 1:colcon.colcon_core.package_discovery:discover_packages(ignore) check parameters
[0.589s] Level 1:colcon.colcon_core.package_discovery:discover_packages(path) check parameters
[0.589s] Level 1:colcon.colcon_core.package_discovery:discover_packages(colcon_meta) discover
[0.589s] Level 1:colcon.colcon_core.package_discovery:discover_packages(recursive) discover
[0.590s] INFO:colcon.colcon_core.package_discovery:Crawling recursively for packages in '/home/feige/ROS2_src'
[0.590s] Level 1:colcon.colcon_core.package_identification:_identify(.) by extensions ['ignore', 'ignore_ament_install']
[0.590s] Level 1:colcon.colcon_core.package_identification:_identify(.) by extension 'ignore'
[0.591s] Level 1:colcon.colcon_core.package_identification:_identify(.) by extension 'ignore_ament_install'
[0.591s] Level 1:colcon.colcon_core.package_identification:_identify(.) by extensions ['colcon_pkg']
[0.591s] Level 1:colcon.colcon_core.package_identification:_identify(.) by extension 'colcon_pkg'
[0.591s] Level 1:colcon.colcon_core.package_identification:_identify(.) by extensions ['colcon_meta']
[0.592s] Level 1:colcon.colcon_core.package_identification:_identify(.) by extension 'colcon_meta'
[0.592s] Level 1:colcon.colcon_core.package_identification:_identify(.) by extensions ['ros']
[0.592s] Level 1:colcon.colcon_core.package_identification:_identify(.) by extension 'ros'
[0.695s] Level 1:colcon.colcon_core.package_identification:_identify(.) by extensions ['cmake', 'python']
[0.695s] Level 1:colcon.colcon_core.package_identification:_identify(.) by extension 'cmake'
[0.695s] Level 1:colcon.colcon_core.package_identification:_identify(.) by extension 'python'
[0.696s] Level 1:colcon.colcon_core.package_identification:_identify(.) by extensions ['python_setup_py']
[0.696s] Level 1:colcon.colcon_core.package_identification:_identify(.) by extension 'python_setup_py'
[0.696s] Level 1:colcon.colcon_core.package_identification:_identify(build) by extensions ['ignore', 'ignore_ament_install']
[0.697s] Level 1:colcon.colcon_core.package_identification:_identify(build) by extension 'ignore'
[0.697s] Level 1:colcon.colcon_core.package_identification:_identify(build) ignored
[0.697s] Level 1:colcon.colcon_core.package_identification:_identify(install) by extensions ['ignore', 'ignore_ament_install']
[0.698s] Level 1:colcon.colcon_core.package_identification:_identify(install) by extension 'ignore'
[0.698s] Level 1:colcon.colcon_core.package_identification:_identify(install) ignored
[0.699s] Level 1:colcon.colcon_core.package_identification:_identify(log) by extensions ['ignore', 'ignore_ament_install']
[0.699s] Level 1:colcon.colcon_core.package_identification:_identify(log) by extension 'ignore'
[0.699s] Level 1:colcon.colcon_core.package_identification:_identify(log) ignored
[0.700s] Level 1:colcon.colcon_core.package_identification:_identify(messages) by extensions ['ignore', 'ignore_ament_install']
[0.700s] Level 1:colcon.colcon_core.package_identification:_identify(messages) by extension 'ignore'
[0.700s] Level 1:colcon.colcon_core.package_identification:_identify(messages) by extension 'ignore_ament_install'
[0.700s] Level 1:colcon.colcon_core.package_identification:_identify(messages) by extensions ['colcon_pkg']
[0.701s] Level 1:colcon.colcon_core.package_identification:_identify(messages) by extension 'colcon_pkg'
[0.701s] Level 1:colcon.colcon_core.package_identification:_identify(messages) by extensions ['colcon_meta']
[0.701s] Level 1:colcon.colcon_core.package_identification:_identify(messages) by extension 'colcon_meta'
[0.701s] Level 1:colcon.colcon_core.package_identification:_identify(messages) by extensions ['ros']
[0.701s] Level 1:colcon.colcon_core.package_identification:_identify(messages) by extension 'ros'
[0.710s] DEBUG:colcon.colcon_core.package_identification:Package 'messages' with type 'ros.ament_cmake' and name 'messages'
[0.710s] Level 1:colcon.colcon_core.package_identification:_identify(motor_motion) by extensions ['ignore', 'ignore_ament_install']
[0.711s] Level 1:colcon.colcon_core.package_identification:_identify(motor_motion) by extension 'ignore'
[0.711s] Level 1:colcon.colcon_core.package_identification:_identify(motor_motion) by extension 'ignore_ament_install'
[0.711s] Level 1:colcon.colcon_core.package_identification:_identify(motor_motion) by extensions ['colcon_pkg']
[0.711s] Level 1:colcon.colcon_core.package_identification:_identify(motor_motion) by extension 'colcon_pkg'
[0.711s] Level 1:colcon.colcon_core.package_identification:_identify(motor_motion) by extensions ['colcon_meta']
[0.712s] Level 1:colcon.colcon_core.package_identification:_identify(motor_motion) by extension 'colcon_meta'
[0.712s] Level 1:colcon.colcon_core.package_identification:_identify(motor_motion) by extensions ['ros']
[0.712s] Level 1:colcon.colcon_core.package_identification:_identify(motor_motion) by extension 'ros'
[0.714s] DEBUG:colcon.colcon_core.package_identification:Package 'motor_motion' with type 'ros.ament_python' and name 'motor_motion'
[0.714s] Level 1:colcon.colcon_core.package_discovery:discover_packages(recursive) using defaults
[0.714s] Level 1:colcon.colcon_core.package_discovery:discover_packages(ignore) discover
[0.715s] Level 1:colcon.colcon_core.package_discovery:discover_packages(ignore) using defaults
[0.715s] Level 1:colcon.colcon_core.package_discovery:discover_packages(path) discover
[0.715s] Level 1:colcon.colcon_core.package_discovery:discover_packages(path) using defaults
[0.789s] INFO:colcon.colcon_core.package_selection:Skipping not selected package 'messages' in 'messages'
[0.790s] Level 5:colcon.colcon_core.verb:set package 'motor_motion' build argument 'cmake_args' from command line to 'None'
[0.791s] Level 5:colcon.colcon_core.verb:set package 'motor_motion' build argument 'cmake_target' from command line to 'None'
[0.791s] Level 5:colcon.colcon_core.verb:set package 'motor_motion' build argument 'cmake_target_skip_unavailable' from command line to 'False'
[0.791s] Level 5:colcon.colcon_core.verb:set package 'motor_motion' build argument 'cmake_clean_cache' from command line to 'False'
[0.791s] Level 5:colcon.colcon_core.verb:set package 'motor_motion' build argument 'cmake_clean_first' from command line to 'False'
[0.791s] Level 5:colcon.colcon_core.verb:set package 'motor_motion' build argument 'cmake_force_configure' from command line to 'False'
[0.791s] Level 5:colcon.colcon_core.verb:set package 'motor_motion' build argument 'ament_cmake_args' from command line to 'None'
[0.791s] Level 5:colcon.colcon_core.verb:set package 'motor_motion' build argument 'catkin_cmake_args' from command line to 'None'
[0.791s] Level 5:colcon.colcon_core.verb:set package 'motor_motion' build argument 'catkin_skip_building_tests' from command line to 'False'
[0.792s] DEBUG:colcon.colcon_core.verb:Building package 'motor_motion' with the following arguments: {'ament_cmake_args': None, 'build_base': '/home/feige/ROS2_src/build/motor_motion', 'catkin_cmake_args': None, 'catkin_skip_building_tests': False, 'cmake_args': None, 'cmake_clean_cache': False, 'cmake_clean_first': False, 'cmake_force_configure': False, 'cmake_target': None, 'cmake_target_skip_unavailable': False, 'install_base': '/home/feige/ROS2_src/install/motor_motion', 'merge_install': False, 'path': '/home/feige/ROS2_src/motor_motion', 'symlink_install': False, 'test_result_base': None}
[0.792s] INFO:colcon.colcon_core.executor:Executing jobs using 'parallel' executor
[0.795s] DEBUG:colcon.colcon_parallel_executor.executor.parallel:run_until_complete
[0.796s] INFO:colcon.colcon_ros.task.ament_python.build:Building ROS package in '/home/feige/ROS2_src/motor_motion' with build type 'ament_python'
[0.797s] Level 1:colcon.colcon_core.shell:create_environment_hook('motor_motion', 'ament_prefix_path')
[0.806s] INFO:colcon.colcon_core.plugin_system:Skipping extension 'colcon_core.shell.bat': Not used on non-Windows systems
[0.807s] INFO:colcon.colcon_core.shell:Creating environment descriptor '/home/feige/ROS2_src/install/motor_motion/share/motor_motion/hook/ament_prefix_path.dsv'
[0.809s] INFO:colcon.colcon_core.shell:Creating environment hook '/home/feige/ROS2_src/install/motor_motion/share/motor_motion/hook/ament_prefix_path.sh'
[0.814s] DEBUG:colcon.colcon_core.shell:Skip shell extension 'dsv' for command environment
[1.700s] INFO:colcon.colcon_core.task.python.build:Building Python package in '/home/feige/ROS2_src/motor_motion'
[1.700s] DEBUG:colcon.colcon_core.shell:Skip shell extension 'dsv' for command environment
[3.911s] DEBUG:colcon.colcon_core.event_handler.log_command:Invoking command in '/home/feige/ROS2_src/motor_motion': AMENT_PREFIX_PATH=/home/feige/ROS2_src/install/messages:${AMENT_PREFIX_PATH} CMAKE_PREFIX_PATH=/home/feige/ROS2_src/install/messages LD_LIBRARY_PATH=/home/feige/ROS2_src/install/messages/lib:${LD_LIBRARY_PATH} PYTHONPATH=/home/feige/ROS2_src/build/motor_motion/prefix_override:/usr/lib/python3/dist-packages/colcon_core/task/python/colcon_distutils_commands:/home/feige/ROS2_src/install/motor_motion/lib/python3.12/site-packages:/home/feige/ROS2_src/install/messages/lib/python3.12/site-packages:${PYTHONPATH} /usr/bin/python3 -W ignore:setup.py install is deprecated -W ignore:easy_install command is deprecated setup.py egg_info --egg-base ../build/motor_motion build --build-base /home/feige/ROS2_src/build/motor_motion/build install --record /home/feige/ROS2_src/build/motor_motion/install.log --single-version-externally-managed install_data
[5.920s] DEBUG:colcon.colcon_core.event_handler.log_command:Invoked command in '/home/feige/ROS2_src/motor_motion' returned '0': AMENT_PREFIX_PATH=/home/feige/ROS2_src/install/messages:${AMENT_PREFIX_PATH} CMAKE_PREFIX_PATH=/home/feige/ROS2_src/install/messages LD_LIBRARY_PATH=/home/feige/ROS2_src/install/messages/lib:${LD_LIBRARY_PATH} PYTHONPATH=/home/feige/ROS2_src/build/motor_motion/prefix_override:/usr/lib/python3/dist-packages/colcon_core/task/python/colcon_distutils_commands:/home/feige/ROS2_src/install/motor_motion/lib/python3.12/site-packages:/home/feige/ROS2_src/install/messages/lib/python3.12/site-packages:${PYTHONPATH} /usr/bin/python3 -W ignore:setup.py install is deprecated -W ignore:easy_install command is deprecated setup.py egg_info --egg-base ../build/motor_motion build --build-base /home/feige/ROS2_src/build/motor_motion/build install --record /home/feige/ROS2_src/build/motor_motion/install.log --single-version-externally-managed install_data
[5.930s] Level 1:colcon.colcon_core.environment:checking '/home/feige/ROS2_src/install/motor_motion' for CMake module files
[5.933s] Level 1:colcon.colcon_core.environment:checking '/home/feige/ROS2_src/install/motor_motion' for CMake config files
[5.937s] Level 1:colcon.colcon_core.environment:checking '/home/feige/ROS2_src/install/motor_motion/lib'
[5.938s] Level 1:colcon.colcon_core.environment:checking '/home/feige/ROS2_src/install/motor_motion/bin'
[5.938s] Level 1:colcon.colcon_core.environment:checking '/home/feige/ROS2_src/install/motor_motion/lib/pkgconfig/motor_motion.pc'
[5.939s] Level 1:colcon.colcon_core.environment:checking '/home/feige/ROS2_src/install/motor_motion/lib/python3.12/site-packages'
[5.940s] Level 1:colcon.colcon_core.shell:create_environment_hook('motor_motion', 'pythonpath')
[5.941s] INFO:colcon.colcon_core.shell:Creating environment descriptor '/home/feige/ROS2_src/install/motor_motion/share/motor_motion/hook/pythonpath.dsv'
[5.942s] INFO:colcon.colcon_core.shell:Creating environment hook '/home/feige/ROS2_src/install/motor_motion/share/motor_motion/hook/pythonpath.sh'
[5.948s] Level 1:colcon.colcon_core.environment:checking '/home/feige/ROS2_src/install/motor_motion/bin'
[5.949s] Level 1:colcon.colcon_core.environment:create_environment_scripts_only(motor_motion)
[5.950s] INFO:colcon.colcon_core.shell:Creating package descriptor '/home/feige/ROS2_src/install/motor_motion/share/motor_motion/package.dsv'
[5.953s] INFO:colcon.colcon_core.shell:Creating package script '/home/feige/ROS2_src/install/motor_motion/share/motor_motion/package.sh'
[5.958s] INFO:colcon.colcon_core.shell:Creating package script '/home/feige/ROS2_src/install/motor_motion/share/motor_motion/package.bash'
[5.962s] INFO:colcon.colcon_core.shell:Creating package script '/home/feige/ROS2_src/install/motor_motion/share/motor_motion/package.zsh'
[5.965s] Level 1:colcon.colcon_core.environment:create_file_with_runtime_dependencies(/home/feige/ROS2_src/install/motor_motion/share/colcon-core/packages/motor_motion)
[5.969s] DEBUG:colcon.colcon_parallel_executor.executor.parallel:closing loop
[5.970s] DEBUG:colcon.colcon_parallel_executor.executor.parallel:loop closed
[5.971s] DEBUG:colcon.colcon_parallel_executor.executor.parallel:run_until_complete finished with '0'
[5.971s] DEBUG:colcon.colcon_core.event_reactor:joining thread
[5.973s] DEBUG:colcon.colcon_core.event_reactor:joined thread
[5.974s] INFO:colcon.colcon_core.shell:Creating prefix script '/home/feige/ROS2_src/install/local_setup.sh'
[5.978s] INFO:colcon.colcon_core.shell:Creating prefix util module '/home/feige/ROS2_src/install/_local_setup_util_sh.py'
[5.983s] INFO:colcon.colcon_core.shell:Creating prefix chain script '/home/feige/ROS2_src/install/setup.sh'
[5.988s] INFO:colcon.colcon_core.shell:Creating prefix script '/home/feige/ROS2_src/install/local_setup.bash'
[5.991s] INFO:colcon.colcon_core.shell:Creating prefix chain script '/home/feige/ROS2_src/install/setup.bash'
[5.994s] INFO:colcon.colcon_core.shell:Creating prefix script '/home/feige/ROS2_src/install/local_setup.zsh'
[5.999s] INFO:colcon.colcon_core.shell:Creating prefix chain script '/home/feige/ROS2_src/install/setup.zsh'
