[3.022s] Invoking command in '/home/feige/ROS2_src/motor_motion': PYTHONPATH=/home/feige/ROS2_src/build/motor_motion/prefix_override:/usr/lib/python3/dist-packages/colcon_core/task/python/colcon_distutils_commands:/home/feige/ROS2_src/install/motor_motion/lib/python3.12/site-packages:${PYTHONPATH} /usr/bin/python3 -W ignore:setup.py install is deprecated -W ignore:easy_install command is deprecated setup.py egg_info --egg-base ../build/motor_motion build --build-base /home/feige/ROS2_src/build/motor_motion/build install --record /home/feige/ROS2_src/build/motor_motion/install.log --single-version-externally-managed install_data
[3.991s] running egg_info
[4.053s] writing ../build/motor_motion/motor_motion.egg-info/PKG-INFO
[4.054s] writing dependency_links to ../build/motor_motion/motor_motion.egg-info/dependency_links.txt
[4.057s] writing entry points to ../build/motor_motion/motor_motion.egg-info/entry_points.txt
[4.058s] writing requirements to ../build/motor_motion/motor_motion.egg-info/requires.txt
[4.059s] writing top-level names to ../build/motor_motion/motor_motion.egg-info/top_level.txt
[4.189s] reading manifest file '../build/motor_motion/motor_motion.egg-info/SOURCES.txt'
[4.191s] adding license file 'LICENSE'
[4.193s] writing manifest file '../build/motor_motion/motor_motion.egg-info/SOURCES.txt'
[4.194s] running build
[4.194s] running build_py
[4.196s] running install
[4.219s] running install_lib
[4.285s] running install_data
[4.286s] running install_egg_info
[4.354s] removing '/home/feige/ROS2_src/install/motor_motion/lib/python3.12/site-packages/motor_motion-0.0.0-py3.12.egg-info' (and everything under it)
[4.356s] Copying ../build/motor_motion/motor_motion.egg-info to /home/feige/ROS2_src/install/motor_motion/lib/python3.12/site-packages/motor_motion-0.0.0-py3.12.egg-info
[4.362s] running install_scripts
[4.849s] Installing motor_pan script to /home/feige/ROS2_src/install/motor_motion/lib/motor_motion
[4.850s] writing list of installed files to '/home/feige/ROS2_src/build/motor_motion/install.log'
[4.994s] Invoked command in '/home/feige/ROS2_src/motor_motion' returned '0': PYTHONPATH=/home/feige/ROS2_src/build/motor_motion/prefix_override:/usr/lib/python3/dist-packages/colcon_core/task/python/colcon_distutils_commands:/home/feige/ROS2_src/install/motor_motion/lib/python3.12/site-packages:${PYTHONPATH} /usr/bin/python3 -W ignore:setup.py install is deprecated -W ignore:easy_install command is deprecated setup.py egg_info --egg-base ../build/motor_motion build --build-base /home/feige/ROS2_src/build/motor_motion/build install --record /home/feige/ROS2_src/build/motor_motion/install.log --single-version-externally-managed install_data
