[3.113s] Invoking command in '/home/feige/ROS2_src/motor_motion': AMENT_PREFIX_PATH=/home/feige/ROS2_src/install/messages:${AMENT_PREFIX_PATH} CMAKE_PREFIX_PATH=/home/feige/ROS2_src/install/messages LD_LIBRARY_PATH=/home/feige/ROS2_src/install/messages/lib:${LD_LIBRARY_PATH} PYTHONPATH=/home/feige/ROS2_src/build/motor_motion/prefix_override:/usr/lib/python3/dist-packages/colcon_core/task/python/colcon_distutils_commands:/home/feige/ROS2_src/install/motor_motion/lib/python3.12/site-packages:/home/feige/ROS2_src/install/messages/lib/python3.12/site-packages:${PYTHONPATH} /usr/bin/python3 -W ignore:setup.py install is deprecated -W ignore:easy_install command is deprecated setup.py egg_info --egg-base ../build/motor_motion build --build-base /home/feige/ROS2_src/build/motor_motion/build install --record /home/feige/ROS2_src/build/motor_motion/install.log --single-version-externally-managed install_data
[4.092s] running egg_info
[4.153s] writing ../build/motor_motion/motor_motion.egg-info/PKG-INFO
[4.155s] writing dependency_links to ../build/motor_motion/motor_motion.egg-info/dependency_links.txt
[4.160s] writing entry points to ../build/motor_motion/motor_motion.egg-info/entry_points.txt
[4.165s] writing requirements to ../build/motor_motion/motor_motion.egg-info/requires.txt
[4.168s] writing top-level names to ../build/motor_motion/motor_motion.egg-info/top_level.txt
[4.302s] reading manifest file '../build/motor_motion/motor_motion.egg-info/SOURCES.txt'
[4.304s] adding license file 'LICENSE'
[4.306s] writing manifest file '../build/motor_motion/motor_motion.egg-info/SOURCES.txt'
[4.307s] running build
[4.307s] running build_py
[4.309s] running install
[4.335s] running install_lib
[4.400s] running install_data
[4.400s] copying package.xml -> /home/feige/ROS2_src/install/motor_motion/share/motor_motion
[4.401s] running install_egg_info
[4.468s] removing '/home/feige/ROS2_src/install/motor_motion/lib/python3.12/site-packages/motor_motion-0.0.0-py3.12.egg-info' (and everything under it)
[4.470s] Copying ../build/motor_motion/motor_motion.egg-info to /home/feige/ROS2_src/install/motor_motion/lib/python3.12/site-packages/motor_motion-0.0.0-py3.12.egg-info
[4.475s] running install_scripts
[4.971s] Installing motor_pan script to /home/feige/ROS2_src/install/motor_motion/lib/motor_motion
[4.972s] Installing usb_camera script to /home/feige/ROS2_src/install/motor_motion/lib/motor_motion
[4.980s] writing list of installed files to '/home/feige/ROS2_src/build/motor_motion/install.log'
[5.122s] Invoked command in '/home/feige/ROS2_src/motor_motion' returned '0': AMENT_PREFIX_PATH=/home/feige/ROS2_src/install/messages:${AMENT_PREFIX_PATH} CMAKE_PREFIX_PATH=/home/feige/ROS2_src/install/messages LD_LIBRARY_PATH=/home/feige/ROS2_src/install/messages/lib:${LD_LIBRARY_PATH} PYTHONPATH=/home/feige/ROS2_src/build/motor_motion/prefix_override:/usr/lib/python3/dist-packages/colcon_core/task/python/colcon_distutils_commands:/home/feige/ROS2_src/install/motor_motion/lib/python3.12/site-packages:/home/feige/ROS2_src/install/messages/lib/python3.12/site-packages:${PYTHONPATH} /usr/bin/python3 -W ignore:setup.py install is deprecated -W ignore:easy_install command is deprecated setup.py egg_info --egg-base ../build/motor_motion build --build-base /home/feige/ROS2_src/build/motor_motion/build install --record /home/feige/ROS2_src/build/motor_motion/install.log --single-version-externally-managed install_data
